Arguments: 
  C:\Program Files\nodejs\node.exe C:\Users\User\AppData\Roaming\npm\node_modules\yarn\bin\yarn.js add jsonwebtokens

PATH: 
  C:\Program Files\Common Files\Oracle\Java\javapath;C:\Program Files (x86)\Common Files\Oracle\Java\javapath;C:\Windows\system32;C:\Windows;C:\Windows\System32\Wbem;C:\Windows\System32\WindowsPowerShell\v1.0\;C:\Windows\System32\OpenSSH\;C:\Program Files\nodejs\;C:\Program Files\NVIDIA Corporation\NVIDIA NvDLISR;C:\Program Files\MATLAB\R2022b\runtime\win64;C:\Program Files\MATLAB\R2022b\bin;C:\Program Files\Git\cmd;C:\Program Files\Cloudflare\Cloudflare WARP\;C:\Program Files\Java\jdk-19\bin;C:\Program Files\Java\jre1.8.0_341\bin;C:\Program Files\Java\jdk-19\bin;C:\apache-tomcat-10.1.0\bin;C:\Program Files\Java\jdk1.8.0_202\bin;C:\Program Files\Java\jdk-17.0.5\bin;C:\Program Files\MySQL\MySQL Server 8.0\bin;;C:\Program Files (x86)\NVIDIA Corporation\PhysX\Common;C:\Program Files\MySQL\MySQL Shell 8.0\bin\;C:\Users\User\AppData\Local\Programs\Python\Python310\Scripts\;C:\Users\User\AppData\Local\Programs\Python\Python310\;C:\Users\User\AppData\Local\Microsoft\WindowsApps;C:\Users\User\AppData\Roaming\npm;C:\Users\User\AppData\Local\Programs\Microsoft VS Code\bin;C:\Program Files\JetBrains\IntelliJ IDEA 2022.2.2\bin;C:\Program Files\JetBrains\PyCharm 2022.2.2\bin;C:\Users\User\AppData\Local\JetBrains\Toolbox\scripts;C:\Users\User\AppData\Local\GitHubDesktop\bin

Yarn version: 
  1.22.19

Node version: 
  16.17.0

Platform: 
  win32 x64

Trace: 
  Error: https://registry.yarnpkg.com/jsonwebtokens: Not found
      at Request.params.callback [as _callback] (C:\Users\User\AppData\Roaming\npm\node_modules\yarn\lib\cli.js:66145:18)
      at Request.self.callback (C:\Users\User\AppData\Roaming\npm\node_modules\yarn\lib\cli.js:140890:22)
      at Request.emit (node:events:513:28)
      at Request.<anonymous> (C:\Users\User\AppData\Roaming\npm\node_modules\yarn\lib\cli.js:141862:10)
      at Request.emit (node:events:513:28)
      at IncomingMessage.<anonymous> (C:\Users\User\AppData\Roaming\npm\node_modules\yarn\lib\cli.js:141784:12)
      at Object.onceWrapper (node:events:627:28)
      at IncomingMessage.emit (node:events:525:35)
      at endReadableNT (node:internal/streams/readable:1358:12)
      at processTicksAndRejections (node:internal/process/task_queues:83:21)

npm manifest: 
  {
    "dependencies": {
      "@aws-sdk/client-s3": "^3.279.0",
      "bcryptjs": "^2.4.3",
      "cookie-parser": "^1.4.6",
      "cors": "^2.8.5",
      "dotenv": "^16.0.3",
      "express": "^4.18.2",
      "image-downloader": "^4.3.0",
      "jsonwebtoken": "^9.0.0",
      "mime-types": "^2.1.35",
      "mongoose": "^7.0.2",
      "multer": "^1.4.5-lts.1"
    },
    "devDependencies": {
      "nodemon": "^2.0.21"
    }
  }

yarn manifest: 
  No manifest

Lockfile: 
  # THIS IS AN AUTOGENERATED FILE. DO NOT EDIT THIS FILE DIRECTLY.
  # yarn lockfile v1
  
  
  "@aws-crypto/crc32@3.0.0":
    version "3.0.0"
    resolved "https://registry.yarnpkg.com/@aws-crypto/crc32/-/crc32-3.0.0.tgz#07300eca214409c33e3ff769cd5697b57fdd38fa"
    integrity sha512-IzSgsrxUcsrejQbPVilIKy16kAT52EwB6zSaI+M3xxIhKh5+aldEyvI+z6erM7TCLB2BJsFrtHjp6/4/sr+3dA==
    dependencies:
      "@aws-crypto/util" "^3.0.0"
      "@aws-sdk/types" "^3.222.0"
      tslib "^1.11.1"
  
  "@aws-crypto/crc32c@3.0.0":
    version "3.0.0"
    resolved "https://registry.yarnpkg.com/@aws-crypto/crc32c/-/crc32c-3.0.0.tgz#016c92da559ef638a84a245eecb75c3e97cb664f"
    integrity sha512-ENNPPManmnVJ4BTXlOjAgD7URidbAznURqD0KvfREyc4o20DPYdEldU1f5cQ7Jbj0CJJSPaMIk/9ZshdB3210w==
    dependencies:
      "@aws-crypto/util" "^3.0.0"
      "@aws-sdk/types" "^3.222.0"
      tslib "^1.11.1"
  
  "@aws-crypto/ie11-detection@^3.0.0":
    version "3.0.0"
    resolved "https://registry.yarnpkg.com/@aws-crypto/ie11-detection/-/ie11-detection-3.0.0.tgz#640ae66b4ec3395cee6a8e94ebcd9f80c24cd688"
    integrity sha512-341lBBkiY1DfDNKai/wXM3aujNBkXR7tq1URPQDL9wi3AUbI80NR74uF1TXHMm7po1AcnFk8iu2S2IeU/+/A+Q==
    dependencies:
      tslib "^1.11.1"
  
  "@aws-crypto/sha1-browser@3.0.0":
    version "3.0.0"
    resolved "https://registry.yarnpkg.com/@aws-crypto/sha1-browser/-/sha1-browser-3.0.0.tgz#f9083c00782b24714f528b1a1fef2174002266a3"
    integrity sha512-NJth5c997GLHs6nOYTzFKTbYdMNA6/1XlKVgnZoaZcQ7z7UJlOgj2JdbHE8tiYLS3fzXNCguct77SPGat2raSw==
    dependencies:
      "@aws-crypto/ie11-detection" "^3.0.0"
      "@aws-crypto/supports-web-crypto" "^3.0.0"
      "@aws-crypto/util" "^3.0.0"
      "@aws-sdk/types" "^3.222.0"
      "@aws-sdk/util-locate-window" "^3.0.0"
      "@aws-sdk/util-utf8-browser" "^3.0.0"
      tslib "^1.11.1"
  
  "@aws-crypto/sha256-browser@3.0.0":
    version "3.0.0"
    resolved "https://registry.yarnpkg.com/@aws-crypto/sha256-browser/-/sha256-browser-3.0.0.tgz#05f160138ab893f1c6ba5be57cfd108f05827766"
    integrity sha512-8VLmW2B+gjFbU5uMeqtQM6Nj0/F1bro80xQXCW6CQBWgosFWXTx77aeOF5CAIAmbOK64SdMBJdNr6J41yP5mvQ==
    dependencies:
      "@aws-crypto/ie11-detection" "^3.0.0"
      "@aws-crypto/sha256-js" "^3.0.0"
      "@aws-crypto/supports-web-crypto" "^3.0.0"
      "@aws-crypto/util" "^3.0.0"
      "@aws-sdk/types" "^3.222.0"
      "@aws-sdk/util-locate-window" "^3.0.0"
      "@aws-sdk/util-utf8-browser" "^3.0.0"
      tslib "^1.11.1"
  
  "@aws-crypto/sha256-js@3.0.0", "@aws-crypto/sha256-js@^3.0.0":
    version "3.0.0"
    resolved "https://registry.yarnpkg.com/@aws-crypto/sha256-js/-/sha256-js-3.0.0.tgz#f06b84d550d25521e60d2a0e2a90139341e007c2"
    integrity sha512-PnNN7os0+yd1XvXAy23CFOmTbMaDxgxXtTKHybrJ39Y8kGzBATgBFibWJKH6BhytLI/Zyszs87xCOBNyBig6vQ==
    dependencies:
      "@aws-crypto/util" "^3.0.0"
      "@aws-sdk/types" "^3.222.0"
      tslib "^1.11.1"
  
  "@aws-crypto/supports-web-crypto@^3.0.0":
    version "3.0.0"
    resolved "https://registry.yarnpkg.com/@aws-crypto/supports-web-crypto/-/supports-web-crypto-3.0.0.tgz#5d1bf825afa8072af2717c3e455f35cda0103ec2"
    integrity sha512-06hBdMwUAb2WFTuGG73LSC0wfPu93xWwo5vL2et9eymgmu3Id5vFAHBbajVWiGhPO37qcsdCap/FqXvJGJWPIg==
    dependencies:
      tslib "^1.11.1"
  
  "@aws-crypto/util@^3.0.0":
    version "3.0.0"
    resolved "https://registry.yarnpkg.com/@aws-crypto/util/-/util-3.0.0.tgz#1c7ca90c29293f0883468ad48117937f0fe5bfb0"
    integrity sha512-2OJlpeJpCR48CC8r+uKVChzs9Iungj9wkZrl8Z041DWEWvyIHILYKCPNzJghKsivj+S3mLo6BVc7mBNzdxA46w==
    dependencies:
      "@aws-sdk/types" "^3.222.0"
      "@aws-sdk/util-utf8-browser" "^3.0.0"
      tslib "^1.11.1"
  
  "@aws-sdk/abort-controller@3.292.0":
    version "3.292.0"
    resolved "https://registry.yarnpkg.com/@aws-sdk/abort-controller/-/abort-controller-3.292.0.tgz#37c43fd2ce5bcb158aa62e3a5632045ee8a7e3cc"
    integrity sha512-lf+OPptL01kvryIJy7+dvFux5KbJ6OTwLPPEekVKZ2AfEvwcVtOZWFUhyw3PJCBTVncjKB1Kjl3V/eTS3YuPXQ==
    dependencies:
      "@aws-sdk/types" "3.292.0"
      tslib "^2.3.1"
  
  "@aws-sdk/chunked-blob-reader-native@3.292.0":
    version "3.292.0"
    resolved "https://registry.yarnpkg.com/@aws-sdk/chunked-blob-reader-native/-/chunked-blob-reader-native-3.292.0.tgz#143fcedfe0bc583bd089dee0d6247b22f5e0db4d"
    integrity sha512-A34sBrnggm9mXPZeeEie4jDv9zHRMS0LSm85VkfrBLuYYsfsw9DxmW59wJkuo6DIm/RK04oH5+lRMt34koBgrw==
    dependencies:
      "@aws-sdk/util-base64" "3.292.0"
      tslib "^2.3.1"
  
  "@aws-sdk/chunked-blob-reader@3.292.0":
    version "3.292.0"
    resolved "https://registry.yarnpkg.com/@aws-sdk/chunked-blob-reader/-/chunked-blob-reader-3.292.0.tgz#f3a661cf15c8bacbbc761cca8c8eb13625543eb3"
    integrity sha512-ccFPnzBjLbDCmFjTXwhsfD58vtEiAjbor3A9tvnou+3Dj6RrMEGPaTu5tcw3mwWb2zh1K3HFJg6Bmb0no49TRw==
    dependencies:
      tslib "^2.3.1"
  
  "@aws-sdk/client-s3@^3.279.0":
    version "3.294.0"
    resolved "https://registry.yarnpkg.com/@aws-sdk/client-s3/-/client-s3-3.294.0.tgz#6aad75bd2fee67613b4c4c5ca4bb245c5e570f79"
    integrity sha512-J0rTBpZlmeNWgpYaGM7w55Hdmh8LWfYFmb09Fr0Oee/VGFgi28p3vCCnP+ploo1TlFRdsPlGZJ7zod+m/iPeBg==
    dependencies:
      "@aws-crypto/sha1-browser" "3.0.0"
      "@aws-crypto/sha256-browser" "3.0.0"
      "@aws-crypto/sha256-js" "3.0.0"
      "@aws-sdk/client-sts" "3.294.0"
      "@aws-sdk/config-resolver" "3.292.0"
      "@aws-sdk/credential-provider-node" "3.294.0"
      "@aws-sdk/eventstream-serde-browser" "3.292.0"
      "@aws-sdk/eventstream-serde-config-resolver" "3.292.0"
      "@aws-sdk/eventstream-serde-node" "3.292.0"
      "@aws-sdk/fetch-http-handler" "3.292.0"
      "@aws-sdk/hash-blob-browser" "3.292.0"
      "@aws-sdk/hash-node" "3.292.0"
      "@aws-sdk/hash-stream-node" "3.292.0"
      "@aws-sdk/invalid-dependency" "3.292.0"
      "@aws-sdk/md5-js" "3.292.0"
      "@aws-sdk/middleware-bucket-endpoint" "3.292.0"
      "@aws-sdk/middleware-content-length" "3.292.0"
      "@aws-sdk/middleware-endpoint" "3.292.0"
      "@aws-sdk/middleware-expect-continue" "3.292.0"
      "@aws-sdk/middleware-flexible-checksums" "3.292.0"
      "@aws-sdk/middleware-host-header" "3.292.0"
      "@aws-sdk/middleware-location-constraint" "3.292.0"
      "@aws-sdk/middleware-logger" "3.292.0"
      "@aws-sdk/middleware-recursion-detection" "3.292.0"
      "@aws-sdk/middleware-retry" "3.293.0"
      "@aws-sdk/middleware-sdk-s3" "3.292.0"
      "@aws-sdk/middleware-serde" "3.292.0"
      "@aws-sdk/middleware-signing" "3.292.0"
      "@aws-sdk/middleware-ssec" "3.292.0"
      "@aws-sdk/middleware-stack" "3.292.0"
      "@aws-sdk/middleware-user-agent" "3.293.0"
      "@aws-sdk/node-config-provider" "3.292.0"
      "@aws-sdk/node-http-handler" "3.292.0"
      "@aws-sdk/protocol-http" "3.292.0"
      "@aws-sdk/signature-v4-multi-region" "3.292.0"
      "@aws-sdk/smithy-client" "3.292.0"
      "@aws-sdk/types" "3.292.0"
      "@aws-sdk/url-parser" "3.292.0"
      "@aws-sdk/util-base64" "3.292.0"
      "@aws-sdk/util-body-length-browser" "3.292.0"
      "@aws-sdk/util-body-length-node" "3.292.0"
      "@aws-sdk/util-defaults-mode-browser" "3.292.0"
      "@aws-sdk/util-defaults-mode-node" "3.292.0"
      "@aws-sdk/util-endpoints" "3.293.0"
      "@aws-sdk/util-retry" "3.292.0"
      "@aws-sdk/util-stream-browser" "3.292.0"
      "@aws-sdk/util-stream-node" "3.292.0"
      "@aws-sdk/util-user-agent-browser" "3.292.0"
      "@aws-sdk/util-user-agent-node" "3.292.0"
      "@aws-sdk/util-utf8" "3.292.0"
      "@aws-sdk/util-waiter" "3.292.0"
      "@aws-sdk/xml-builder" "3.292.0"
      fast-xml-parser "4.1.2"
      tslib "^2.3.1"
  
  "@aws-sdk/client-sso-oidc@3.294.0":
    version "3.294.0"
    resolved "https://registry.yarnpkg.com/@aws-sdk/client-sso-oidc/-/client-sso-oidc-3.294.0.tgz#eeb1689c5ee1cc77d92ea341fcd919e04d45372d"
    integrity sha512-/ZfDud76MdSPJ/TxjV2xLE30XbBQDZwKQ32axwoK1eziPvrAIUBYVgpBwj+m0quhoiQhBKkg3aFl6j39AF2thw==
    dependencies:
      "@aws-crypto/sha256-browser" "3.0.0"
      "@aws-crypto/sha256-js" "3.0.0"
      "@aws-sdk/config-resolver" "3.292.0"
      "@aws-sdk/fetch-http-handler" "3.292.0"
      "@aws-sdk/hash-node" "3.292.0"
      "@aws-sdk/invalid-dependency" "3.292.0"
      "@aws-sdk/middleware-content-length" "3.292.0"
      "@aws-sdk/middleware-endpoint" "3.292.0"
      "@aws-sdk/middleware-host-header" "3.292.0"
      "@aws-sdk/middleware-logger" "3.292.0"
      "@aws-sdk/middleware-recursion-detection" "3.292.0"
      "@aws-sdk/middleware-retry" "3.293.0"
      "@aws-sdk/middleware-serde" "3.292.0"
      "@aws-sdk/middleware-stack" "3.292.0"
      "@aws-sdk/middleware-user-agent" "3.293.0"
      "@aws-sdk/node-config-provider" "3.292.0"
      "@aws-sdk/node-http-handler" "3.292.0"
      "@aws-sdk/protocol-http" "3.292.0"
      "@aws-sdk/smithy-client" "3.292.0"
      "@aws-sdk/types" "3.292.0"
      "@aws-sdk/url-parser" "3.292.0"
      "@aws-sdk/util-base64" "3.292.0"
      "@aws-sdk/util-body-length-browser" "3.292.0"
      "@aws-sdk/util-body-length-node" "3.292.0"
      "@aws-sdk/util-defaults-mode-browser" "3.292.0"
      "@aws-sdk/util-defaults-mode-node" "3.292.0"
      "@aws-sdk/util-endpoints" "3.293.0"
      "@aws-sdk/util-retry" "3.292.0"
      "@aws-sdk/util-user-agent-browser" "3.292.0"
      "@aws-sdk/util-user-agent-node" "3.292.0"
      "@aws-sdk/util-utf8" "3.292.0"
      tslib "^2.3.1"
  
  "@aws-sdk/client-sso@3.294.0":
    version "3.294.0"
    resolved "https://registry.yarnpkg.com/@aws-sdk/client-sso/-/client-sso-3.294.0.tgz#27391306759fd071fdb715ff3bb0693ae6053a84"
    integrity sha512-+FuxQTi5WvnaXM5JbNLkBIzQ3An4gA0ox61N1u+3xled+nywKb1yQ7WmRpyMG5bLbkmnj3aqoo5/uskFc4c4EA==
    dependencies:
      "@aws-crypto/sha256-browser" "3.0.0"
      "@aws-crypto/sha256-js" "3.0.0"
      "@aws-sdk/config-resolver" "3.292.0"
      "@aws-sdk/fetch-http-handler" "3.292.0"
      "@aws-sdk/hash-node" "3.292.0"
      "@aws-sdk/invalid-dependency" "3.292.0"
      "@aws-sdk/middleware-content-length" "3.292.0"
      "@aws-sdk/middleware-endpoint" "3.292.0"
      "@aws-sdk/middleware-host-header" "3.292.0"
      "@aws-sdk/middleware-logger" "3.292.0"
      "@aws-sdk/middleware-recursion-detection" "3.292.0"
      "@aws-sdk/middleware-retry" "3.293.0"
      "@aws-sdk/middleware-serde" "3.292.0"
      "@aws-sdk/middleware-stack" "3.292.0"
      "@aws-sdk/middleware-user-agent" "3.293.0"
      "@aws-sdk/node-config-provider" "3.292.0"
      "@aws-sdk/node-http-handler" "3.292.0"
      "@aws-sdk/protocol-http" "3.292.0"
      "@aws-sdk/smithy-client" "3.292.0"
      "@aws-sdk/types" "3.292.0"
      "@aws-sdk/url-parser" "3.292.0"
      "@aws-sdk/util-base64" "3.292.0"
      "@aws-sdk/util-body-length-browser" "3.292.0"
      "@aws-sdk/util-body-length-node" "3.292.0"
      "@aws-sdk/util-defaults-mode-browser" "3.292.0"
      "@aws-sdk/util-defaults-mode-node" "3.292.0"
      "@aws-sdk/util-endpoints" "3.293.0"
      "@aws-sdk/util-retry" "3.292.0"
      "@aws-sdk/util-user-agent-browser" "3.292.0"
      "@aws-sdk/util-user-agent-node" "3.292.0"
      "@aws-sdk/util-utf8" "3.292.0"
      tslib "^2.3.1"
  
  "@aws-sdk/client-sts@3.294.0":
    version "3.294.0"
    resolved "https://registry.yarnpkg.com/@aws-sdk/client-sts/-/client-sts-3.294.0.tgz#1d89acb6d49d02b0840c5a8b93e1b14acfb43b23"
    integrity sha512-AefqwhFjTDzelZuSYhriJbiI+GQwf2yKiKAnCt0gRj6rswewStM63Gtlhfb01sFPp+ZiqPcyQ47LqUaHp1mz/g==
    dependencies:
      "@aws-crypto/sha256-browser" "3.0.0"
      "@aws-crypto/sha256-js" "3.0.0"
      "@aws-sdk/config-resolver" "3.292.0"
      "@aws-sdk/credential-provider-node" "3.294.0"
      "@aws-sdk/fetch-http-handler" "3.292.0"
      "@aws-sdk/hash-node" "3.292.0"
      "@aws-sdk/invalid-dependency" "3.292.0"
      "@aws-sdk/middleware-content-length" "3.292.0"
      "@aws-sdk/middleware-endpoint" "3.292.0"
      "@aws-sdk/middleware-host-header" "3.292.0"
      "@aws-sdk/middleware-logger" "3.292.0"
      "@aws-sdk/middleware-recursion-detection" "3.292.0"
      "@aws-sdk/middleware-retry" "3.293.0"
      "@aws-sdk/middleware-sdk-sts" "3.292.0"
      "@aws-sdk/middleware-serde" "3.292.0"
      "@aws-sdk/middleware-signing" "3.292.0"
      "@aws-sdk/middleware-stack" "3.292.0"
      "@aws-sdk/middleware-user-agent" "3.293.0"
      "@aws-sdk/node-config-provider" "3.292.0"
      "@aws-sdk/node-http-handler" "3.292.0"
      "@aws-sdk/protocol-http" "3.292.0"
      "@aws-sdk/smithy-client" "3.292.0"
      "@aws-sdk/types" "3.292.0"
      "@aws-sdk/url-parser" "3.292.0"
      "@aws-sdk/util-base64" "3.292.0"
      "@aws-sdk/util-body-length-browser" "3.292.0"
      "@aws-sdk/util-body-length-node" "3.292.0"
      "@aws-sdk/util-defaults-mode-browser" "3.292.0"
      "@aws-sdk/util-defaults-mode-node" "3.292.0"
      "@aws-sdk/util-endpoints" "3.293.0"
      "@aws-sdk/util-retry" "3.292.0"
      "@aws-sdk/util-user-agent-browser" "3.292.0"
      "@aws-sdk/util-user-agent-node" "3.292.0"
      "@aws-sdk/util-utf8" "3.292.0"
      fast-xml-parser "4.1.2"
      tslib "^2.3.1"
  
  "@aws-sdk/config-resolver@3.292.0":
    version "3.292.0"
    resolved "https://registry.yarnpkg.com/@aws-sdk/config-resolver/-/config-resolver-3.292.0.tgz#c5c9b86a2a75aa591bc7acdbe94557367a2a7d90"
    integrity sha512-cB3twnNR7vYvlt2jvw8VlA1+iv/tVzl+/S39MKqw2tepU+AbJAM0EHwb/dkf1OKSmlrnANXhshx80MHF9zL4mA==
    dependencies:
      "@aws-sdk/signature-v4" "3.292.0"
      "@aws-sdk/types" "3.292.0"
      "@aws-sdk/util-config-provider" "3.292.0"
      "@aws-sdk/util-middleware" "3.292.0"
      tslib "^2.3.1"
  
  "@aws-sdk/credential-provider-env@3.292.0":
    version "3.292.0"
    resolved "https://registry.yarnpkg.com/@aws-sdk/credential-provider-env/-/credential-provider-env-3.292.0.tgz#bde3333b7bee715c8a41113f1c6deb0e896a59da"
    integrity sha512-YbafSG0ZEKE2969CJWVtUhh3hfOeLPecFVoXOtegCyAJgY5Ghtu4TsVhL4DgiGAgOC30ojAmUVQEXzd7xJF5xA==
    dependencies:
      "@aws-sdk/property-provider" "3.292.0"
      "@aws-sdk/types" "3.292.0"
      tslib "^2.3.1"
  
  "@aws-sdk/credential-provider-imds@3.292.0":
    version "3.292.0"
    resolved "https://registry.yarnpkg.com/@aws-sdk/credential-provider-imds/-/credential-provider-imds-3.292.0.tgz#557e59c637c3852cac54534319c75eb015aa3081"
    integrity sha512-W/peOgDSRYulgzFpUhvgi1pCm6piBz6xrVN17N4QOy+3NHBXRVMVzYk6ct2qpLPgJUSEZkcpP+Gds+bBm8ed1A==
    dependencies:
      "@aws-sdk/node-config-provider" "3.292.0"
      "@aws-sdk/property-provider" "3.292.0"
      "@aws-sdk/types" "3.292.0"
      "@aws-sdk/url-parser" "3.292.0"
      tslib "^2.3.1"
  
  "@aws-sdk/credential-provider-ini@3.294.0":
    version "3.294.0"
    resolved "https://registry.yarnpkg.com/@aws-sdk/credential-provider-ini/-/credential-provider-ini-3.294.0.tgz#b4ff9f5da2c46b12c61acf85caab9eb3ed5330cd"
    integrity sha512-pdTPbaAb5bWA+DnuKoL2TpXeNDp6Ejpv/OYt+bw2gdzl9w5r/ZCtUTTbW+Vvejr4WL5s3c1bY96kwdqCn7iLqA==
    dependencies:
      "@aws-sdk/credential-provider-env" "3.292.0"
      "@aws-sdk/credential-provider-imds" "3.292.0"
      "@aws-sdk/credential-provider-process" "3.292.0"
      "@aws-sdk/credential-provider-sso" "3.294.0"
      "@aws-sdk/credential-provider-web-identity" "3.292.0"
      "@aws-sdk/property-provider" "3.292.0"
      "@aws-sdk/shared-ini-file-loader" "3.292.0"
      "@aws-sdk/types" "3.292.0"
      tslib "^2.3.1"
  
  "@aws-sdk/credential-provider-node@3.294.0":
    version "3.294.0"
    resolved "https://registry.yarnpkg.com/@aws-sdk/credential-provider-node/-/credential-provider-node-3.294.0.tgz#0475d63f9627e3e429cda19b8b0f164fc01437a0"
    integrity sha512-zUL1Qhb4BsQIZCs/TPpG4oIYH/9YsGiS+Se1tasSGjTOLfBy7jhOZ0QIdpEeyAx/EP8blOBredM9xWfEXgiHVA==
    dependencies:
      "@aws-sdk/credential-provider-env" "3.292.0"
      "@aws-sdk/credential-provider-imds" "3.292.0"
      "@aws-sdk/credential-provider-ini" "3.294.0"
      "@aws-sdk/credential-provider-process" "3.292.0"
      "@aws-sdk/credential-provider-sso" "3.294.0"
      "@aws-sdk/credential-provider-web-identity" "3.292.0"
      "@aws-sdk/property-provider" "3.292.0"
      "@aws-sdk/shared-ini-file-loader" "3.292.0"
      "@aws-sdk/types" "3.292.0"
      tslib "^2.3.1"
  
  "@aws-sdk/credential-provider-process@3.292.0":
    version "3.292.0"
    resolved "https://registry.yarnpkg.com/@aws-sdk/credential-provider-process/-/credential-provider-process-3.292.0.tgz#52caa9d46d227e02fda5807d32a177a0819eee97"
    integrity sha512-CFVXuMuUvg/a4tknzRikEDwZBnKlHs1LZCpTXIGjBdUTdosoi4WNzDLzGp93ZRTtcgFz+4wirz2f7P3lC0NrQw==
    dependencies:
      "@aws-sdk/property-provider" "3.292.0"
      "@aws-sdk/shared-ini-file-loader" "3.292.0"
      "@aws-sdk/types" "3.292.0"
      tslib "^2.3.1"
  
  "@aws-sdk/credential-provider-sso@3.294.0":
    version "3.294.0"
    resolved "https://registry.yarnpkg.com/@aws-sdk/credential-provider-sso/-/credential-provider-sso-3.294.0.tgz#719ad377a41c80bdf087ca11e80890c3b8cbb8f4"
    integrity sha512-UxrcAA/0l7j9+3tolYcG5M61D/IE1Bjd/9H87H1i2A2BrwUUBhW1Dp/vvROEDrrywlMDG3CDF3T/7ADtTak+sg==
    dependencies:
      "@aws-sdk/client-sso" "3.294.0"
      "@aws-sdk/property-provider" "3.292.0"
      "@aws-sdk/shared-ini-file-loader" "3.292.0"
      "@aws-sdk/token-providers" "3.294.0"
      "@aws-sdk/types" "3.292.0"
      tslib "^2.3.1"
  
  "@aws-sdk/credential-provider-web-identity@3.292.0":
    version "3.292.0"
    resolved "https://registry.yarnpkg.com/@aws-sdk/credential-provider-web-identity/-/credential-provider-web-identity-3.292.0.tgz#60e180eadd0947891ed041f6a4574fa2074d0d4c"
    integrity sha512-4DbtIEM9gGVfqYlMdYXg3XY+vBhemjB1zXIequottW8loLYM8Vuz4/uGxxKNze6evVVzowsA0wKrYclE1aj/Rg==
    dependencies:
      "@aws-sdk/property-provider" "3.292.0"
      "@aws-sdk/types" "3.292.0"
      tslib "^2.3.1"
  
  "@aws-sdk/eventstream-codec@3.292.0":
    version "3.292.0"
    resolved "https://registry.yarnpkg.com/@aws-sdk/eventstream-codec/-/eventstream-codec-3.292.0.tgz#6c4f34a0f7bf9113bc26f3c736fb0c023cb87e43"
    integrity sha512-P0np4vhCKf/JH6I39Id8DxZR+UZzG+Br+vOrTinerMfOhzTa2229XmL8pwlMpOoxnJLMPmEDtD1KQqLslBEXtw==
    dependencies:
      "@aws-crypto/crc32" "3.0.0"
      "@aws-sdk/types" "3.292.0"
      "@aws-sdk/util-hex-encoding" "3.292.0"
      tslib "^2.3.1"
  
  "@aws-sdk/eventstream-serde-browser@3.292.0":
    version "3.292.0"
    resolved "https://registry.yarnpkg.com/@aws-sdk/eventstream-serde-browser/-/eventstream-serde-browser-3.292.0.tgz#090af8854387056e9674b8688a815b93c8548fd6"
    integrity sha512-VzRbJqqE444GOuoNTxTJ1dC1IhNhA6jfHjgsI8iDRHraaEukGqsPx1vkc+byxrDEjgxKN5IqOwZ4yJWMIAozBA==
    dependencies:
      "@aws-sdk/eventstream-serde-universal" "3.292.0"
      "@aws-sdk/types" "3.292.0"
      tslib "^2.3.1"
  
  "@aws-sdk/eventstream-serde-config-resolver@3.292.0":
    version "3.292.0"
    resolved "https://registry.yarnpkg.com/@aws-sdk/eventstream-serde-config-resolver/-/eventstream-serde-config-resolver-3.292.0.tgz#79b1b2194a0386dae6e4134c1534e5ce62a18312"
    integrity sha512-Ndx+qJyWmBCW9FSm68AGLoO4AZ0AaL/wjpJEgFF2sZBWjYe9O9PB9IGR/yuqCBTElf3YtSiFMsloikQaz2ft6g==
    dependencies:
      "@aws-sdk/types" "3.292.0"
      tslib "^2.3.1"
  
  "@aws-sdk/eventstream-serde-node@3.292.0":
    version "3.292.0"
    resolved "https://registry.yarnpkg.com/@aws-sdk/eventstream-serde-node/-/eventstream-serde-node-3.292.0.tgz#2001ab936ce316aa713d69beecc133a77300d445"
    integrity sha512-NFCEiNCetNye7jQfRd5y/7J9dLg9+uL57698wYeXeadlwJ8Cd/Nhsz+t7RIbP05VqshU+anXARMB1avl9oAijQ==
    dependencies:
      "@aws-sdk/eventstream-serde-universal" "3.292.0"
      "@aws-sdk/types" "3.292.0"
      tslib "^2.3.1"
  
  "@aws-sdk/eventstream-serde-universal@3.292.0":
    version "3.292.0"
    resolved "https://registry.yarnpkg.com/@aws-sdk/eventstream-serde-universal/-/eventstream-serde-universal-3.292.0.tgz#841b0488ce526f40a7f4c69b77af5ea0b7669f12"
    integrity sha512-1gqZNx+S1EUpl3Tq6uIesiDx8gnkpXqPsFfCZT7lSWWXBpnHmnUZAh3jbiO9UlQbYuB9SfT0EBKb1iOY9z4j1Q==
    dependencies:
      "@aws-sdk/eventstream-codec" "3.292.0"
      "@aws-sdk/types" "3.292.0"
      tslib "^2.3.1"
  
  "@aws-sdk/fetch-http-handler@3.292.0":
    version "3.292.0"
    resolved "https://registry.yarnpkg.com/@aws-sdk/fetch-http-handler/-/fetch-http-handler-3.292.0.tgz#a99d915e019e888bfdfa3e5da68606bfc4c80522"
    integrity sha512-zh3bhUJbL8RSa39ZKDcy+AghtUkIP8LwcNlwRIoxMQh3Row4D1s4fCq0KZCx98NJBEXoiTLyTQlZxxI//BOb1Q==
    dependencies:
      "@aws-sdk/protocol-http" "3.292.0"
      "@aws-sdk/querystring-builder" "3.292.0"
      "@aws-sdk/types" "3.292.0"
      "@aws-sdk/util-base64" "3.292.0"
      tslib "^2.3.1"
  
  "@aws-sdk/hash-blob-browser@3.292.0":
    version "3.292.0"
    resolved "https://registry.yarnpkg.com/@aws-sdk/hash-blob-browser/-/hash-blob-browser-3.292.0.tgz#d62d8556877f0823fdcc3f08dac634389219e62e"
    integrity sha512-4+Fm4IOkxGqgx8dU0EbExCq6xx30y369ZSXz89h9YDQYdJ2Muw7iNCHAg/4VM+gfp0vo9J8zPOTsSju8LNS5Jg==
    dependencies:
      "@aws-sdk/chunked-blob-reader" "3.292.0"
      "@aws-sdk/chunked-blob-reader-native" "3.292.0"
      "@aws-sdk/types" "3.292.0"
      tslib "^2.3.1"
  
  "@aws-sdk/hash-node@3.292.0":
    version "3.292.0"
    resolved "https://registry.yarnpkg.com/@aws-sdk/hash-node/-/hash-node-3.292.0.tgz#4f62e36a7cdefd0f4bca4c1d16261d36a4596442"
    integrity sha512-1yLxmIsvE+eK36JXEgEIouTITdykQLVhsA5Oai//Lar6Ddgu1sFpLDbdkMtKbrh4I0jLN9RacNCkeVQjZPTCCQ==
    dependencies:
      "@aws-sdk/types" "3.292.0"
      "@aws-sdk/util-buffer-from" "3.292.0"
      "@aws-sdk/util-utf8" "3.292.0"
      tslib "^2.3.1"
  
  "@aws-sdk/hash-stream-node@3.292.0":
    version "3.292.0"
    resolved "https://registry.yarnpkg.com/@aws-sdk/hash-stream-node/-/hash-stream-node-3.292.0.tgz#1a5c17c322bd02f5a14046a10a664c4d96cd06de"
    integrity sha512-p2nj9A5lZKQU45Q4Od3iZDvpziEpojAyuyAI0HPzpIuJIfzFQ0/7pMBKde1li6wq93rpyFLwNufV6FEZnKCYRg==
    dependencies:
      "@aws-sdk/types" "3.292.0"
      "@aws-sdk/util-utf8" "3.292.0"
      tslib "^2.3.1"
  
  "@aws-sdk/invalid-dependency@3.292.0":
    version "3.292.0"
    resolved "https://registry.yarnpkg.com/@aws-sdk/invalid-dependency/-/invalid-dependency-3.292.0.tgz#0e5b47cacf459db6ae8dddc02d613a5bd0ff3555"
    integrity sha512-39OUV78CD3TmEbjhpt+V+Fk4wAGWhixqHxDSN8+4WL0uB4Fl7k5m3Z9hNY78AttHQSl2twR7WtLztnXPAFsriw==
    dependencies:
      "@aws-sdk/types" "3.292.0"
      tslib "^2.3.1"
  
  "@aws-sdk/is-array-buffer@3.292.0":
    version "3.292.0"
    resolved "https://registry.yarnpkg.com/@aws-sdk/is-array-buffer/-/is-array-buffer-3.292.0.tgz#d599c7ad4ad104918d52b8d2160091ca5b0a1971"
    integrity sha512-kW/G5T/fzI0sJH5foZG6XJiNCevXqKLxV50qIT4B1pMuw7regd4ALIy0HwSqj1nnn9mSbRWBfmby0jWCJsMcwg==
    dependencies:
      tslib "^2.3.1"
  
  "@aws-sdk/md5-js@3.292.0":
    version "3.292.0"
    resolved "https://registry.yarnpkg.com/@aws-sdk/md5-js/-/md5-js-3.292.0.tgz#740b4e6bbe24a41fefb78f93f436da55e438555d"
    integrity sha512-ngfsKLgQenXW3EbsDf47PVNys1SecTbsq6k88h7+Aa8BU49+9ZOIz4VDpWuPiNyYpeV7jJdl1dfD+ujOYvvgNw==
    dependencies:
      "@aws-sdk/types" "3.292.0"
      "@aws-sdk/util-utf8" "3.292.0"
      tslib "^2.3.1"
  
  "@aws-sdk/middleware-bucket-endpoint@3.292.0":
    version "3.292.0"
    resolved "https://registry.yarnpkg.com/@aws-sdk/middleware-bucket-endpoint/-/middleware-bucket-endpoint-3.292.0.tgz#28f7bfc3dfeef43598dee96aa597cadee060a117"
    integrity sha512-XRy9RSUIRcbxYfH504ywhQllgfdf3wVhk2k0mMPYnUbeEhAFe1/eUog2v/bi07/q5TQ4Hppi+W3nHCVualQEow==
    dependencies:
      "@aws-sdk/protocol-http" "3.292.0"
      "@aws-sdk/types" "3.292.0"
      "@aws-sdk/util-arn-parser" "3.292.0"
      "@aws-sdk/util-config-provider" "3.292.0"
      tslib "^2.3.1"
  
  "@aws-sdk/middleware-content-length@3.292.0":
    version "3.292.0"
    resolved "https://registry.yarnpkg.com/@aws-sdk/middleware-content-length/-/middleware-content-length-3.292.0.tgz#f2035aee536abf553b743202879ee86171c4c3c7"
    integrity sha512-2gMWzQus5mj14menolpPDbYBeaOYcj7KNFZOjTjjI3iQ0KqyetG6XasirNrcJ/8QX1BRmpTol8Xjp2Ue3Gbzwg==
    dependencies:
      "@aws-sdk/protocol-http" "3.292.0"
      "@aws-sdk/types" "3.292.0"
      tslib "^2.3.1"
  
  "@aws-sdk/middleware-endpoint@3.292.0":
    version "3.292.0"
    resolved "https://registry.yarnpkg.com/@aws-sdk/middleware-endpoint/-/middleware-endpoint-3.292.0.tgz#c6809a2e001ab03cac223dfae48439e893da627b"
    integrity sha512-cPMkiSxpZGG6tYlW4OS+ucS6r43f9ddX9kcUoemJCY10MOuogdPjulCAjE0HTs2PLKSOrrG4CTP4Q4wWDrH4Bw==
    dependencies:
      "@aws-sdk/middleware-serde" "3.292.0"
      "@aws-sdk/protocol-http" "3.292.0"
      "@aws-sdk/signature-v4" "3.292.0"
      "@aws-sdk/types" "3.292.0"
      "@aws-sdk/url-parser" "3.292.0"
      "@aws-sdk/util-config-provider" "3.292.0"
      "@aws-sdk/util-middleware" "3.292.0"
      tslib "^2.3.1"
  
  "@aws-sdk/middleware-expect-continue@3.292.0":
    version "3.292.0"
    resolved "https://registry.yarnpkg.com/@aws-sdk/middleware-expect-continue/-/middleware-expect-continue-3.292.0.tgz#11edbf77d741ab169a469c918bb4b39dd9604438"
    integrity sha512-bZ2bsBud3E6BebZWGxVcWxBSg09bP0KyX8PT0jI66JM0yTbZSJhoGhlKAqfNG46R9h4K5tCYB2uYgV/3oU/ZpQ==
    dependencies:
      "@aws-sdk/protocol-http" "3.292.0"
      "@aws-sdk/types" "3.292.0"
      tslib "^2.3.1"
  
  "@aws-sdk/middleware-flexible-checksums@3.292.0":
    version "3.292.0"
    resolved "https://registry.yarnpkg.com/@aws-sdk/middleware-flexible-checksums/-/middleware-flexible-checksums-3.292.0.tgz#f9a52631d65ead667457c57bcf435c2fcee72d13"
    integrity sha512-AxU/Gb+TRdl/0jHmbreYh3QnB0jR25zgjPZ4/JbGBJ2SQI9jm3LCNK9XOrPUmZp/vu9wsvyxtmKQidpQ5+FX5w==
    dependencies:
      "@aws-crypto/crc32" "3.0.0"
      "@aws-crypto/crc32c" "3.0.0"
      "@aws-sdk/is-array-buffer" "3.292.0"
      "@aws-sdk/protocol-http" "3.292.0"
      "@aws-sdk/types" "3.292.0"
      "@aws-sdk/util-utf8" "3.292.0"
      tslib "^2.3.1"
  
  "@aws-sdk/middleware-host-header@3.292.0":
    version "3.292.0"
    resolved "https://registry.yarnpkg.com/@aws-sdk/middleware-host-header/-/middleware-host-header-3.292.0.tgz#513b011fcabedf29e0a6706a4aa3867bc7d813e4"
    integrity sha512-mHuCWe3Yg2S5YZ7mB7sKU6C97XspfqrimWjMW9pfV2usAvLA3R0HrB03jpR5vpZ3P4q7HB6wK3S6CjYMGGRNag==
    dependencies:
      "@aws-sdk/protocol-http" "3.292.0"
      "@aws-sdk/types" "3.292.0"
      tslib "^2.3.1"
  
  "@aws-sdk/middleware-location-constraint@3.292.0":
    version "3.292.0"
    resolved "https://registry.yarnpkg.com/@aws-sdk/middleware-location-constraint/-/middleware-location-constraint-3.292.0.tgz#3b138685854cfbf48abd70c40cd56a09a74cab9a"
    integrity sha512-WTbMyoCckdkmq7Yok0gI4226gTmxP/zM1fbFiC+liZXBJ+H5EvIFmu30tWbX+4m41LL/XQVm65olXJFwhoExGQ==
    dependencies:
      "@aws-sdk/types" "3.292.0"
      tslib "^2.3.1"
  
  "@aws-sdk/middleware-logger@3.292.0":
    version "3.292.0"
    resolved "https://registry.yarnpkg.com/@aws-sdk/middleware-logger/-/middleware-logger-3.292.0.tgz#dd5ca0f20b06b1b74f918ddf0264ece1e9887aa1"
    integrity sha512-yZNY1XYmG3NG+uonET7jzKXNiwu61xm/ZZ6i/l51SusuaYN+qQtTAhOFsieQqTehF9kP4FzbsWgPDwD8ZZX9lw==
    dependencies:
      "@aws-sdk/types" "3.292.0"
      tslib "^2.3.1"
  
  "@aws-sdk/middleware-recursion-detection@3.292.0":
    version "3.292.0"
    resolved "https://registry.yarnpkg.com/@aws-sdk/middleware-recursion-detection/-/middleware-recursion-detection-3.292.0.tgz#d422bbc9efa2df2481ad56d0db553b0c0652e615"
    integrity sha512-kA3VZpPko0Zqd7CYPTKAxhjEv0HJqFu2054L04dde1JLr43ro+2MTdX7vsHzeAFUVRphqatFFofCumvXmU6Mig==
    dependencies:
      "@aws-sdk/protocol-http" "3.292.0"
      "@aws-sdk/types" "3.292.0"
      tslib "^2.3.1"
  
  "@aws-sdk/middleware-retry@3.293.0":
    version "3.293.0"
    resolved "https://registry.yarnpkg.com/@aws-sdk/middleware-retry/-/middleware-retry-3.293.0.tgz#e7706c926cce1f21e5dbea2ab8d2828e50d6a303"
    integrity sha512-7tiaz2GzRecNHaZ6YnF+Nrtk3au8qF6oiipf11R7MJiqJ0fkMLnz/iRrlakDziS9qF/a9v+3yxb4W4NHK3f4Tw==
    dependencies:
      "@aws-sdk/protocol-http" "3.292.0"
      "@aws-sdk/service-error-classification" "3.292.0"
      "@aws-sdk/types" "3.292.0"
      "@aws-sdk/util-middleware" "3.292.0"
      "@aws-sdk/util-retry" "3.292.0"
      tslib "^2.3.1"
      uuid "^8.3.2"
  
  "@aws-sdk/middleware-sdk-s3@3.292.0":
    version "3.292.0"
    resolved "https://registry.yarnpkg.com/@aws-sdk/middleware-sdk-s3/-/middleware-sdk-s3-3.292.0.tgz#ba921fd85417d7bc16423669234c4dbb42b0982e"
    integrity sha512-kEUmh3ZM34H+2bEQfpZhVotJCNYpSbq9Q4YxlWVbnjiO/VS+S9BFEM3Fcj5+EzEgI02tNNi6/qTXj3iS8tT6hA==
    dependencies:
      "@aws-sdk/protocol-http" "3.292.0"
      "@aws-sdk/types" "3.292.0"
      "@aws-sdk/util-arn-parser" "3.292.0"
      tslib "^2.3.1"
  
  "@aws-sdk/middleware-sdk-sts@3.292.0":
    version "3.292.0"
    resolved "https://registry.yarnpkg.com/@aws-sdk/middleware-sdk-sts/-/middleware-sdk-sts-3.292.0.tgz#927cecb0167b84aceddc959039f368ea2a593e87"
    integrity sha512-GN5ZHEqXZqDi+HkVbaXRX9HaW/vA5rikYpWKYsmxTUZ7fB7ijvEO3co3lleJv2C+iGYRtUIHC4wYNB5xgoTCxg==
    dependencies:
      "@aws-sdk/middleware-signing" "3.292.0"
      "@aws-sdk/property-provider" "3.292.0"
      "@aws-sdk/protocol-http" "3.292.0"
      "@aws-sdk/signature-v4" "3.292.0"
      "@aws-sdk/types" "3.292.0"
      tslib "^2.3.1"
  
  "@aws-sdk/middleware-serde@3.292.0":
    version "3.292.0"
    resolved "https://registry.yarnpkg.com/@aws-sdk/middleware-serde/-/middleware-serde-3.292.0.tgz#4834ee9b03c50e11349306753c27086bac4dac08"
    integrity sha512-6hN9mTQwSvV8EcGvtXbS/MpK7WMCokUku5Wu7X24UwCNMVkoRHLIkYcxHcvBTwttuOU0d8hph1/lIX4dkLwkQw==
    dependencies:
      "@aws-sdk/types" "3.292.0"
      tslib "^2.3.1"
  
  "@aws-sdk/middleware-signing@3.292.0":
    version "3.292.0"
    resolved "https://registry.yarnpkg.com/@aws-sdk/middleware-signing/-/middleware-signing-3.292.0.tgz#51868199d23d28d264a06adcec52373c8da88c85"
    integrity sha512-GVfoSjDjEQ4TaO6x9MffyP3uRV+2KcS5FtexLCYOM9pJcnE9tqq9FJOrZ1xl1g+YjUVKxo4x8lu3tpEtIb17qg==
    dependencies:
      "@aws-sdk/property-provider" "3.292.0"
      "@aws-sdk/protocol-http" "3.292.0"
      "@aws-sdk/signature-v4" "3.292.0"
      "@aws-sdk/types" "3.292.0"
      "@aws-sdk/util-middleware" "3.292.0"
      tslib "^2.3.1"
  
  "@aws-sdk/middleware-ssec@3.292.0":
    version "3.292.0"
    resolved "https://registry.yarnpkg.com/@aws-sdk/middleware-ssec/-/middleware-ssec-3.292.0.tgz#c42a7b6a9b0e1a197d9fd6a9f497f10f785fcfd0"
    integrity sha512-VfwrTEs9nYU6sCnt/cffhnJ2djGkMyMbBEysMZm2HEbFMloGKBd0Wtvk9y+SWPa6+DDRe2CqqX8jMzrO4JT4Eg==
    dependencies:
      "@aws-sdk/types" "3.292.0"
      tslib "^2.3.1"
  
  "@aws-sdk/middleware-stack@3.292.0":
    version "3.292.0"
    resolved "https://registry.yarnpkg.com/@aws-sdk/middleware-stack/-/middleware-stack-3.292.0.tgz#279f4b688d91f9757cedd5311ae86ad6e3e6ac63"
    integrity sha512-WdQpRkuMysrEwrkByCM1qCn2PPpFGGQ2iXqaFha5RzCdZDlxJni9cVNb6HzWUcgjLEYVTXCmOR9Wxm3CNW44Qg==
    dependencies:
      tslib "^2.3.1"
  
  "@aws-sdk/middleware-user-agent@3.293.0":
    version "3.293.0"
    resolved "https://registry.yarnpkg.com/@aws-sdk/middleware-user-agent/-/middleware-user-agent-3.293.0.tgz#ce802bc73c5d4db043b5454e894e4dd1663442b2"
    integrity sha512-gZ7/e6XwpKk9mvgA78q4Ffc796jTn02TUKx2qMDnkLVbeJXBNN2jnvYEKq8v70+o7fd/ALRudg8gBDmkkhM/Hw==
    dependencies:
      "@aws-sdk/protocol-http" "3.292.0"
      "@aws-sdk/types" "3.292.0"
      "@aws-sdk/util-endpoints" "3.293.0"
      tslib "^2.3.1"
  
  "@aws-sdk/node-config-provider@3.292.0":
    version "3.292.0"
    resolved "https://registry.yarnpkg.com/@aws-sdk/node-config-provider/-/node-config-provider-3.292.0.tgz#52817db9e056fedb967704b156fde4b5516dacf1"
    integrity sha512-S3NnC9dQ5GIbJYSDIldZb4zdpCOEua1tM7bjYL3VS5uqCEM93kIi/o/UkIUveMp/eqTS2LJa5HjNIz5Te6je0A==
    dependencies:
      "@aws-sdk/property-provider" "3.292.0"
      "@aws-sdk/shared-ini-file-loader" "3.292.0"
      "@aws-sdk/types" "3.292.0"
      tslib "^2.3.1"
  
  "@aws-sdk/node-http-handler@3.292.0":
    version "3.292.0"
    resolved "https://registry.yarnpkg.com/@aws-sdk/node-http-handler/-/node-http-handler-3.292.0.tgz#f7a8fca359932ba56acf65eafd169db9d2cebc9d"
    integrity sha512-L/E3UDSwXLXjt1XWWh0RBD55F+aZI1AEdPwdES9i1PjnZLyuxuDhEDptVibNN56+I9/4Q3SbmuVRVlOD0uzBag==
    dependencies:
      "@aws-sdk/abort-controller" "3.292.0"
      "@aws-sdk/protocol-http" "3.292.0"
      "@aws-sdk/querystring-builder" "3.292.0"
      "@aws-sdk/types" "3.292.0"
      tslib "^2.3.1"
  
  "@aws-sdk/property-provider@3.292.0":
    version "3.292.0"
    resolved "https://registry.yarnpkg.com/@aws-sdk/property-provider/-/property-provider-3.292.0.tgz#2bdf9f6e15521350936636107a2057a19c1e55ec"
    integrity sha512-dHArSvsiqhno/g55N815gXmAMrmN8DP7OeFNqJ4wJG42xsF2PFN3DAsjIuHuXMwu+7A3R1LHqIpvv0hA9KeoJQ==
    dependencies:
      "@aws-sdk/types" "3.292.0"
      tslib "^2.3.1"
  
  "@aws-sdk/protocol-http@3.292.0":
    version "3.292.0"
    resolved "https://registry.yarnpkg.com/@aws-sdk/protocol-http/-/protocol-http-3.292.0.tgz#1829036bdec59698f44daadb590e3fa552494955"
    integrity sha512-NLi4fq3k41aXIh1I97yX0JTy+3p6aW1NdwFwdMa674z86QNfb4SfRQRZBQe9wEnAZ/eWHVnlKIuII+U1URk/Kg==
    dependencies:
      "@aws-sdk/types" "3.292.0"
      tslib "^2.3.1"
  
  "@aws-sdk/querystring-builder@3.292.0":
    version "3.292.0"
    resolved "https://registry.yarnpkg.com/@aws-sdk/querystring-builder/-/querystring-builder-3.292.0.tgz#a2fd9c2540a80718fb2f52c606926f8d2e08a695"
    integrity sha512-XElIFJaReIm24eEvBtV2dOtZvcm3gXsGu/ftG8MLJKbKXFKpAP1q+K6En0Bs7/T88voKghKdKpKT+eZUWgTqlg==
    dependencies:
      "@aws-sdk/types" "3.292.0"
      "@aws-sdk/util-uri-escape" "3.292.0"
      tslib "^2.3.1"
  
  "@aws-sdk/querystring-parser@3.292.0":
    version "3.292.0"
    resolved "https://registry.yarnpkg.com/@aws-sdk/querystring-parser/-/querystring-parser-3.292.0.tgz#32645c834b4dd1660176bf0b6df201d688242c66"
    integrity sha512-iTYpYo7a8X9RxiPbjjewIpm6XQPx2EOcF1dWCPRII9EFlmZ4bwnX+PDI36fIo9oVs8TIKXmwNGODU9nsg7CSAw==
    dependencies:
      "@aws-sdk/types" "3.292.0"
      tslib "^2.3.1"
  
  "@aws-sdk/service-error-classification@3.292.0":
    version "3.292.0"
    resolved "https://registry.yarnpkg.com/@aws-sdk/service-error-classification/-/service-error-classification-3.292.0.tgz#8fef4ee8e553218234eca91dd479902092b12bac"
    integrity sha512-X1k3sixCeC45XSNHBe+kRBQBwPDyTFtFITb8O5Qw4dS9XWGhrUJT4CX0qE5aj8qP3F9U5nRizs9c2mBVVP0Caw==
  
  "@aws-sdk/shared-ini-file-loader@3.292.0":
    version "3.292.0"
    resolved "https://registry.yarnpkg.com/@aws-sdk/shared-ini-file-loader/-/shared-ini-file-loader-3.292.0.tgz#08260536116c4e0b44ebd0d0bd197ff15815090f"
    integrity sha512-Av2TTYg1Jig2kbkD56ybiqZJB6vVrYjv1W5UQwY/q3nA/T2mcrgQ20ByCOt5Bv9VvY7FSgC+znj+L4a7RLGmBg==
    dependencies:
      "@aws-sdk/types" "3.292.0"
      tslib "^2.3.1"
  
  "@aws-sdk/signature-v4-multi-region@3.292.0":
    version "3.292.0"
    resolved "https://registry.yarnpkg.com/@aws-sdk/signature-v4-multi-region/-/signature-v4-multi-region-3.292.0.tgz#01734775497474476d84733114b3eb129a48759e"
    integrity sha512-MjWEIjbAr7n9vsFeLpoRzNSYFgWOROf1mLj6Db8TfRowaortUBO7PbleLV4n3SPujSnxhaVBzlmnCY2AjatH9g==
    dependencies:
      "@aws-sdk/protocol-http" "3.292.0"
      "@aws-sdk/signature-v4" "3.292.0"
      "@aws-sdk/types" "3.292.0"
      "@aws-sdk/util-arn-parser" "3.292.0"
      tslib "^2.3.1"
  
  "@aws-sdk/signature-v4@3.292.0":
    version "3.292.0"
    resolved "https://registry.yarnpkg.com/@aws-sdk/signature-v4/-/signature-v4-3.292.0.tgz#1fbb9ceea4c80c079b64f836af365985970f2a5f"
    integrity sha512-+rw47VY5mvBecn13tDQTl1ipGWg5tE63faWgmZe68HoBL87ZiDzsd7bUKOvjfW21iMgWlwAppkaNNQayYRb2zg==
    dependencies:
      "@aws-sdk/is-array-buffer" "3.292.0"
      "@aws-sdk/types" "3.292.0"
      "@aws-sdk/util-hex-encoding" "3.292.0"
      "@aws-sdk/util-middleware" "3.292.0"
      "@aws-sdk/util-uri-escape" "3.292.0"
      "@aws-sdk/util-utf8" "3.292.0"
      tslib "^2.3.1"
  
  "@aws-sdk/smithy-client@3.292.0":
    version "3.292.0"
    resolved "https://registry.yarnpkg.com/@aws-sdk/smithy-client/-/smithy-client-3.292.0.tgz#232b7bac2115d52390057bab6a79d14cffe06698"
    integrity sha512-S8PKzjPkZ6SXYZuZiU787dMsvQ0d/LFEhw2OI4Oe2An9Fc2IwJ2FYukyHoQJOV2tV0DiuMebPo7eMyQyjKElvA==
    dependencies:
      "@aws-sdk/middleware-stack" "3.292.0"
      "@aws-sdk/types" "3.292.0"
      tslib "^2.3.1"
  
  "@aws-sdk/token-providers@3.294.0":
    version "3.294.0"
    resolved "https://registry.yarnpkg.com/@aws-sdk/token-providers/-/token-providers-3.294.0.tgz#cac10f395f89680fda464015723439bcdabc0903"
    integrity sha512-6nwO04LtC5f4AsUvGZXyjaswuEK4Rr2VsuANpMKrPCgunRfI58a8YXLniudOSXN6e7CFJ6M3uo/h5YXqtnzGug==
    dependencies:
      "@aws-sdk/client-sso-oidc" "3.294.0"
      "@aws-sdk/property-provider" "3.292.0"
      "@aws-sdk/shared-ini-file-loader" "3.292.0"
      "@aws-sdk/types" "3.292.0"
      tslib "^2.3.1"
  
  "@aws-sdk/types@3.292.0", "@aws-sdk/types@^3.222.0":
    version "3.292.0"
    resolved "https://registry.yarnpkg.com/@aws-sdk/types/-/types-3.292.0.tgz#54aa7347123116ac368f08df5e02954207328c63"
    integrity sha512-1teYAY2M73UXZxMAxqZxVS2qwXjQh0OWtt7qyLfha0TtIk/fZ1hRwFgxbDCHUFcdNBSOSbKH/ESor90KROXLCQ==
    dependencies:
      tslib "^2.3.1"
  
  "@aws-sdk/url-parser@3.292.0":
    version "3.292.0"
    resolved "https://registry.yarnpkg.com/@aws-sdk/url-parser/-/url-parser-3.292.0.tgz#b8b81d1c099e248813afbc33206e24b97f14228a"
    integrity sha512-NZeAuZCk1x6TIiWuRfbOU6wHPBhf0ly2qOHzWut4BCH+b4RrDmFF8EmXcH1auEfGhE7yRyR6XqIN0t3S+hYACA==
    dependencies:
      "@aws-sdk/querystring-parser" "3.292.0"
      "@aws-sdk/types" "3.292.0"
      tslib "^2.3.1"
  
  "@aws-sdk/util-arn-parser@3.292.0":
    version "3.292.0"
    resolved "https://registry.yarnpkg.com/@aws-sdk/util-arn-parser/-/util-arn-parser-3.292.0.tgz#079e866585ebb19aeb50fe01712e384ef90e80b0"
    integrity sha512-xfE4U94TfjMC2WNNDte/kDByf16GrQKaS0BKsm+Fk/PaeHUofEp8suOEz/EVdEoa3Ayy2Uc5QdhrGnlqf8MxeA==
    dependencies:
      tslib "^2.3.1"
  
  "@aws-sdk/util-base64@3.292.0":
    version "3.292.0"
    resolved "https://registry.yarnpkg.com/@aws-sdk/util-base64/-/util-base64-3.292.0.tgz#b07fc9752edad18b32ad4b1cc752b5df2d133377"
    integrity sha512-zjNCwNdy617yFvEjZorepNWXB2sQCVfsShCwFy/kIQ5iW5tT2jQKaqc0K77diU9atkooxw9p1W9m9sOgrkOFNw==
    dependencies:
      "@aws-sdk/util-buffer-from" "3.292.0"
      tslib "^2.3.1"
  
  "@aws-sdk/util-body-length-browser@3.292.0":
    version "3.292.0"
    resolved "https://registry.yarnpkg.com/@aws-sdk/util-body-length-browser/-/util-body-length-browser-3.292.0.tgz#1baefd126c8881ff140c83111aeb79c6d5b21cb3"
    integrity sha512-Wd/BM+JsMiKvKs/bN3z6TredVEHh2pKudGfg3CSjTRpqFpOG903KDfyHBD42yg5PuCHoHoewJvTPKwgn7/vhaw==
    dependencies:
      tslib "^2.3.1"
  
  "@aws-sdk/util-body-length-node@3.292.0":
    version "3.292.0"
    resolved "https://registry.yarnpkg.com/@aws-sdk/util-body-length-node/-/util-body-length-node-3.292.0.tgz#9f3f91c80e9b4e2afb226550e9a0b3acde8bcd02"
    integrity sha512-BBgipZ2P6RhogWE/qj0oqpdlyd3iSBYmb+aD/TBXwB2lA/X8A99GxweBd/kp06AmcJRoMS9WIXgbWkiiBlRlSA==
    dependencies:
      tslib "^2.3.1"
  
  "@aws-sdk/util-buffer-from@3.292.0":
    version "3.292.0"
    resolved "https://registry.yarnpkg.com/@aws-sdk/util-buffer-from/-/util-buffer-from-3.292.0.tgz#b2d0eff4e63b0cc8a5d5dc133b76c3fe3daee2fc"
    integrity sha512-RxNZjLoXNxHconH9TYsk5RaEBjSgTtozHeyIdacaHPj5vlQKi4hgL2hIfKeeNiAfQEVjaUFF29lv81xpNMzVMQ==
    dependencies:
      "@aws-sdk/is-array-buffer" "3.292.0"
      tslib "^2.3.1"
  
  "@aws-sdk/util-config-provider@3.292.0":
    version "3.292.0"
    resolved "https://registry.yarnpkg.com/@aws-sdk/util-config-provider/-/util-config-provider-3.292.0.tgz#6a9c7b7e29028135862ba880c615e2f975d68c6d"
    integrity sha512-t3noYll6bPRSxeeNNEkC5czVjAiTPcsq00OwfJ2xyUqmquhLEfLwoJKmrT1uP7DjIEXdUtfoIQ2jWiIVm/oO5A==
    dependencies:
      tslib "^2.3.1"
  
  "@aws-sdk/util-defaults-mode-browser@3.292.0":
    version "3.292.0"
    resolved "https://registry.yarnpkg.com/@aws-sdk/util-defaults-mode-browser/-/util-defaults-mode-browser-3.292.0.tgz#8890ee4ff8939c9ada363cae14ec7196269ff14c"
    integrity sha512-7+zVUlMGfa8/KT++9humHo6IDxTnxMCmWUj5jVNlkpk6h7Ecmppf7aXotviyVIA43lhtz0p2AErs0N0ekEUK+w==
    dependencies:
      "@aws-sdk/property-provider" "3.292.0"
      "@aws-sdk/types" "3.292.0"
      bowser "^2.11.0"
      tslib "^2.3.1"
  
  "@aws-sdk/util-defaults-mode-node@3.292.0":
    version "3.292.0"
    resolved "https://registry.yarnpkg.com/@aws-sdk/util-defaults-mode-node/-/util-defaults-mode-node-3.292.0.tgz#fc7f54cd935b8974d1b16d6c8bed8b9ae99af20e"
    integrity sha512-SSIw85eF4BVs0fOJRyshT+R3b/UmBPhiVKCUZm2rq6+lIGkDPiSwQU3d/80AhXtiL5SFT/IzAKKgQd8qMa7q3A==
    dependencies:
      "@aws-sdk/config-resolver" "3.292.0"
      "@aws-sdk/credential-provider-imds" "3.292.0"
      "@aws-sdk/node-config-provider" "3.292.0"
      "@aws-sdk/property-provider" "3.292.0"
      "@aws-sdk/types" "3.292.0"
      tslib "^2.3.1"
  
  "@aws-sdk/util-endpoints@3.293.0":
    version "3.293.0"
    resolved "https://registry.yarnpkg.com/@aws-sdk/util-endpoints/-/util-endpoints-3.293.0.tgz#fd3ecd35a84b91a8ba1672f6e2e92cf39ef205ba"
    integrity sha512-R/99aNV49Refpv5guiUjEUrZYlvnfaNBniB+/ZtMO3ixxUopapssCrUivuJrmhccmrYaTCZw7dRzIWjU1jJhKg==
    dependencies:
      "@aws-sdk/types" "3.292.0"
      tslib "^2.3.1"
  
  "@aws-sdk/util-hex-encoding@3.292.0":
    version "3.292.0"
    resolved "https://registry.yarnpkg.com/@aws-sdk/util-hex-encoding/-/util-hex-encoding-3.292.0.tgz#a8b8b989fcf518a18606cb6d81f90d92b0660db4"
    integrity sha512-qBd5KFIUywQ3qSSbj814S2srk0vfv8A6QMI+Obs1y2LHZFdQN5zViptI4UhXhKOHe+NnrHWxSuLC/LMH6q3SmA==
    dependencies:
      tslib "^2.3.1"
  
  "@aws-sdk/util-locate-window@^3.0.0":
    version "3.292.0"
    resolved "https://registry.yarnpkg.com/@aws-sdk/util-locate-window/-/util-locate-window-3.292.0.tgz#cba0911be4fdf1db31a0b379cc6229a5a0ba1ae0"
    integrity sha512-6xnFJXZI9pKw5lQCDvuWA5PnOaUtNRKWwdxvGkkLx5orboFaoVMS6zowjSQxwVNRjW82u6dYNkhmj9mZ8VSjWg==
    dependencies:
      tslib "^2.3.1"
  
  "@aws-sdk/util-middleware@3.292.0":
    version "3.292.0"
    resolved "https://registry.yarnpkg.com/@aws-sdk/util-middleware/-/util-middleware-3.292.0.tgz#d4819246c66229df405850004d9e3ae4a6fca8ea"
    integrity sha512-KjhS7flfoBKDxbiBZjLjMvEizXgjfQb7GQEItgzGoI9rfGCmZtvqCcqQQoIlxb8bIzGRggAUHtBGWnlLbpb+GQ==
    dependencies:
      tslib "^2.3.1"
  
  "@aws-sdk/util-retry@3.292.0":
    version "3.292.0"
    resolved "https://registry.yarnpkg.com/@aws-sdk/util-retry/-/util-retry-3.292.0.tgz#a72dd74760864aa03feb00f2cee8b97c25c297c4"
    integrity sha512-JEHyF7MpVeRF5uR4LDYgpOKcFpOPiAj8TqN46SVOQQcL1K+V7cSr7O7N7J6MwJaN9XOzAcBadeIupMm7/BFbgw==
    dependencies:
      "@aws-sdk/service-error-classification" "3.292.0"
      tslib "^2.3.1"
  
  "@aws-sdk/util-stream-browser@3.292.0":
    version "3.292.0"
    resolved "https://registry.yarnpkg.com/@aws-sdk/util-stream-browser/-/util-stream-browser-3.292.0.tgz#6476fef12bea839ef25b80c79817f3932ec019d0"
    integrity sha512-yzwpjq18oefyp/Sv+Z0VWh7ziRPp+qM0pDUrTfuAnXg+mrlxaPDXJOhp5LoY8AVHcDPOEdIbzz0b00G48FabIg==
    dependencies:
      "@aws-sdk/fetch-http-handler" "3.292.0"
      "@aws-sdk/types" "3.292.0"
      "@aws-sdk/util-base64" "3.292.0"
      "@aws-sdk/util-hex-encoding" "3.292.0"
      "@aws-sdk/util-utf8" "3.292.0"
      tslib "^2.3.1"
  
  "@aws-sdk/util-stream-node@3.292.0":
    version "3.292.0"
    resolved "https://registry.yarnpkg.com/@aws-sdk/util-stream-node/-/util-stream-node-3.292.0.tgz#4a83004729cdc4a8fb03c96921f59939ffc31d3b"
    integrity sha512-p3DHXvWo4Zdka75HwewUnWjpFp/gOT4SYYEOAsv3BwuZGxfmnojK9OVCkUBJ7s6LeHMKTgGqQPwAnVFu7iIZNg==
    dependencies:
      "@aws-sdk/node-http-handler" "3.292.0"
      "@aws-sdk/types" "3.292.0"
      "@aws-sdk/util-buffer-from" "3.292.0"
      tslib "^2.3.1"
  
  "@aws-sdk/util-uri-escape@3.292.0":
    version "3.292.0"
    resolved "https://registry.yarnpkg.com/@aws-sdk/util-uri-escape/-/util-uri-escape-3.292.0.tgz#306a36e3574af3509c542c7224669082f6abc633"
    integrity sha512-hOQtUMQ4VcQ9iwKz50AoCp1XBD5gJ9nly/gJZccAM7zSA5mOO8RRKkbdonqquVHxrO0CnYgiFeCh3V35GFecUw==
    dependencies:
      tslib "^2.3.1"
  
  "@aws-sdk/util-user-agent-browser@3.292.0":
    version "3.292.0"
    resolved "https://registry.yarnpkg.com/@aws-sdk/util-user-agent-browser/-/util-user-agent-browser-3.292.0.tgz#26c4e5ffbe046cebe9d15c357839ea38ada95c56"
    integrity sha512-dld+lpC3QdmTQHdBWJ0WFDkXDSrJgfz03q6mQ8+7H+BC12ZhT0I0g9iuvUjolqy7QR00OxOy47Y9FVhq8EC0Gg==
    dependencies:
      "@aws-sdk/types" "3.292.0"
      bowser "^2.11.0"
      tslib "^2.3.1"
  
  "@aws-sdk/util-user-agent-node@3.292.0":
    version "3.292.0"
    resolved "https://registry.yarnpkg.com/@aws-sdk/util-user-agent-node/-/util-user-agent-node-3.292.0.tgz#9065307641eb246f32fee78eec5d961cffbba6a9"
    integrity sha512-f+NfIMal5E61MDc5WGhUEoicr7b1eNNhA+GgVdSB/Hg5fYhEZvFK9RZizH5rrtsLjjgcr9nPYSR7/nDKCJLumw==
    dependencies:
      "@aws-sdk/node-config-provider" "3.292.0"
      "@aws-sdk/types" "3.292.0"
      tslib "^2.3.1"
  
  "@aws-sdk/util-utf8-browser@^3.0.0":
    version "3.259.0"
    resolved "https://registry.yarnpkg.com/@aws-sdk/util-utf8-browser/-/util-utf8-browser-3.259.0.tgz#3275a6f5eb334f96ca76635b961d3c50259fd9ff"
    integrity sha512-UvFa/vR+e19XookZF8RzFZBrw2EUkQWxiBW0yYQAhvk3C+QVGl0H3ouca8LDBlBfQKXwmW3huo/59H8rwb1wJw==
    dependencies:
      tslib "^2.3.1"
  
  "@aws-sdk/util-utf8@3.292.0":
    version "3.292.0"
    resolved "https://registry.yarnpkg.com/@aws-sdk/util-utf8/-/util-utf8-3.292.0.tgz#c12049a01de36f1133232f95cbb0c0177e8d3c36"
    integrity sha512-FPkj+Z59/DQWvoVu2wFaRncc3KVwe/pgK3MfVb0Lx+Ibey5KUx+sNpJmYcVYHUAe/Nv/JeIpOtYuC96IXOnI6w==
    dependencies:
      "@aws-sdk/util-buffer-from" "3.292.0"
      tslib "^2.3.1"
  
  "@aws-sdk/util-waiter@3.292.0":
    version "3.292.0"
    resolved "https://registry.yarnpkg.com/@aws-sdk/util-waiter/-/util-waiter-3.292.0.tgz#860b6615f1d5d0cd545b2d5fefd0bb3c03b0a32d"
    integrity sha512-+7j+mcWUY4GwU8nTK4MvLWpOzS34SJZL85qLxQ04pysoCSHkInyS51D1ejBVNlJdbUSFvIcU0WHU0y6MDDeJzg==
    dependencies:
      "@aws-sdk/abort-controller" "3.292.0"
      "@aws-sdk/types" "3.292.0"
      tslib "^2.3.1"
  
  "@aws-sdk/xml-builder@3.292.0":
    version "3.292.0"
    resolved "https://registry.yarnpkg.com/@aws-sdk/xml-builder/-/xml-builder-3.292.0.tgz#1c53b6b4eac1b841bd5a4581289791c46cd39743"
    integrity sha512-0zgnhdwUy30q/1NPXi5ekdzHQqCs3ZJaUeGbvYMO54osi4K5hygAyTsyWtv6oaJggRqZrB0LAZ9xN6hG+sA8/g==
    dependencies:
      tslib "^2.3.1"
  
  "@types/node@*":
    version "18.15.3"
    resolved "https://registry.yarnpkg.com/@types/node/-/node-18.15.3.tgz#f0b991c32cfc6a4e7f3399d6cb4b8cf9a0315014"
    integrity sha512-p6ua9zBxz5otCmbpb5D3U4B5Nanw6Pk3PPyX05xnxbB/fRv71N7CPmORg7uAD5P70T0xmx1pzAx/FUfa5X+3cw==
  
  "@types/webidl-conversions@*":
    version "7.0.0"
    resolved "https://registry.yarnpkg.com/@types/webidl-conversions/-/webidl-conversions-7.0.0.tgz#2b8e60e33906459219aa587e9d1a612ae994cfe7"
    integrity sha512-xTE1E+YF4aWPJJeUzaZI5DRntlkY3+BCVJi0axFptnjGmAoWxkyREIh/XMrfxVLejwQxMCfDXdICo0VLxThrog==
  
  "@types/whatwg-url@^8.2.1":
    version "8.2.2"
    resolved "https://registry.yarnpkg.com/@types/whatwg-url/-/whatwg-url-8.2.2.tgz#749d5b3873e845897ada99be4448041d4cc39e63"
    integrity sha512-FtQu10RWgn3D9U4aazdwIE2yzphmTJREDqNdODHrbrZmmMqI0vMheC/6NE/J1Yveaj8H+ela+YwWTjq5PGmuhA==
    dependencies:
      "@types/node" "*"
      "@types/webidl-conversions" "*"
  
  abbrev@1:
    version "1.1.1"
    resolved "https://registry.npmjs.org/abbrev/-/abbrev-1.1.1.tgz"
    integrity sha512-nne9/IiQ/hzIhY6pdDnbBtz7DjPTKrY00P/zvPSm5pOFkl6xuGrGnXn/VtTNNfNtAfZ9/1RtehkszU9qcTii0Q==
  
  accepts@~1.3.8:
    version "1.3.8"
    resolved "https://registry.npmjs.org/accepts/-/accepts-1.3.8.tgz"
    integrity sha512-PYAthTa2m2VKxuvSD3DPC/Gy+U+sOA1LAuT8mkmRuvw+NACSaeXEQ+NHcVF7rONl6qcaxV3Uuemwawk+7+SJLw==
    dependencies:
      mime-types "~2.1.34"
      negotiator "0.6.3"
  
  anymatch@~3.1.2:
    version "3.1.3"
    resolved "https://registry.npmjs.org/anymatch/-/anymatch-3.1.3.tgz"
    integrity sha512-KMReFUr0B4t+D+OBkjR3KYqvocp2XaSzO55UcB6mgQMd3KbcE+mWTyvVV7D/zsdEbNnV6acZUutkiHQXvTr1Rw==
    dependencies:
      normalize-path "^3.0.0"
      picomatch "^2.0.4"
  
  append-field@^1.0.0:
    version "1.0.0"
    resolved "https://registry.yarnpkg.com/append-field/-/append-field-1.0.0.tgz#1e3440e915f0b1203d23748e78edd7b9b5b43e56"
    integrity sha512-klpgFSWLW1ZEs8svjfb7g4qWY0YS5imI82dTg+QahUvJ8YqAY0P10Uk8tTyh9ZGuYEZEMaeJYCF5BFuX552hsw==
  
  array-flatten@1.1.1:
    version "1.1.1"
    resolved "https://registry.npmjs.org/array-flatten/-/array-flatten-1.1.1.tgz"
    integrity sha512-PCVAQswWemu6UdxsDFFX/+gVeYqKAod3D3UVm91jHwynguOwAvYPhx8nNlM++NqRcK6CxxpUafjmhIdKiHibqg==
  
  balanced-match@^1.0.0:
    version "1.0.2"
    resolved "https://registry.npmjs.org/balanced-match/-/balanced-match-1.0.2.tgz"
    integrity sha512-3oSeUO0TMV67hN1AmbXsK4yaqU7tjiHlbxRDZOpH0KW9+CeX4bRAaX0Anxt0tx2MrpRpWwQaPwIlISEJhYU5Pw==
  
  bcryptjs@^2.4.3:
    version "2.4.3"
    resolved "https://registry.yarnpkg.com/bcryptjs/-/bcryptjs-2.4.3.tgz#9ab5627b93e60621ff7cdac5da9733027df1d0cb"
    integrity sha512-V/Hy/X9Vt7f3BbPJEi8BdVFMByHi+jNXrYkW3huaybV/kQ0KJg0Y6PkEMbn+zeT+i+SiKZ/HMqJGIIt4LZDqNQ==
  
  binary-extensions@^2.0.0:
    version "2.2.0"
    resolved "https://registry.npmjs.org/binary-extensions/-/binary-extensions-2.2.0.tgz"
    integrity sha512-jDctJ/IVQbZoJykoeHbhXpOlNBqGNcwXJKJog42E5HDPUwQTSdjCHdihjj0DlnheQ7blbT6dHOafNAiS8ooQKA==
  
  body-parser@1.20.1:
    version "1.20.1"
    resolved "https://registry.npmjs.org/body-parser/-/body-parser-1.20.1.tgz"
    integrity sha512-jWi7abTbYwajOytWCQc37VulmWiRae5RyTpaCyDcS5/lMdtwSz5lOpDE67srw/HYe35f1z3fDQw+3txg7gNtWw==
    dependencies:
      bytes "3.1.2"
      content-type "~1.0.4"
      debug "2.6.9"
      depd "2.0.0"
      destroy "1.2.0"
      http-errors "2.0.0"
      iconv-lite "0.4.24"
      on-finished "2.4.1"
      qs "6.11.0"
      raw-body "2.5.1"
      type-is "~1.6.18"
      unpipe "1.0.0"
  
  bowser@^2.11.0:
    version "2.11.0"
    resolved "https://registry.yarnpkg.com/bowser/-/bowser-2.11.0.tgz#5ca3c35757a7aa5771500c70a73a9f91ef420a8f"
    integrity sha512-AlcaJBi/pqqJBIQ8U9Mcpc9i8Aqxn88Skv5d+xBX006BY5u8N3mGLHa5Lgppa7L/HfwgwLgZ6NYs+Ag6uUmJRA==
  
  brace-expansion@^1.1.7:
    version "1.1.11"
    resolved "https://registry.npmjs.org/brace-expansion/-/brace-expansion-1.1.11.tgz"
    integrity sha512-iCuPHDFgrHX7H2vEI/5xpz07zSHB00TpugqhmYtVmMO6518mCuRMoOYFldEBl0g187ufozdaHgWKcYFb61qGiA==
    dependencies:
      balanced-match "^1.0.0"
      concat-map "0.0.1"
  
  braces@~3.0.2:
    version "3.0.2"
    resolved "https://registry.npmjs.org/braces/-/braces-3.0.2.tgz"
    integrity sha512-b8um+L1RzM3WDSzvhm6gIz1yfTbBt6YTlcEKAvsmqCZZFw46z626lVj9j1yEPW33H5H+lBQpZMP1k8l+78Ha0A==
    dependencies:
      fill-range "^7.0.1"
  
  bson@^5.0.1:
    version "5.1.0"
    resolved "https://registry.yarnpkg.com/bson/-/bson-5.1.0.tgz#7b15cd9aa012b8bf9d320fbaefe15cc2fb657de2"
    integrity sha512-FEecNHkhYRBe7X9KDkdG12xNuz5VHGeH6mCE0B5sBmYtiR/Ux/9vUH/v4NUoBCDr6NuEhvahjoLiiRogptVW0A==
  
  buffer-equal-constant-time@1.0.1:
    version "1.0.1"
    resolved "https://registry.yarnpkg.com/buffer-equal-constant-time/-/buffer-equal-constant-time-1.0.1.tgz#f8e71132f7ffe6e01a5c9697a4c6f3e48d5cc819"
    integrity sha512-zRpUiDwd/xk6ADqPMATG8vc9VPrkck7T07OIx0gnjmJAnHnTVXNQG3vfvWNuiZIkwu9KrKdA1iJKfsfTVxE6NA==
  
  buffer-from@^1.0.0:
    version "1.1.2"
    resolved "https://registry.yarnpkg.com/buffer-from/-/buffer-from-1.1.2.tgz#2b146a6fd72e80b4f55d255f35ed59a3a9a41bd5"
    integrity sha512-E+XQCRwSbaaiChtv6k6Dwgc+bx+Bs6vuKJHHl5kox/BaKbhiXzqQOwK4cO22yElGp2OCmjwVhT3HmxgyPGnJfQ==
  
  busboy@^1.0.0:
    version "1.6.0"
    resolved "https://registry.yarnpkg.com/busboy/-/busboy-1.6.0.tgz#966ea36a9502e43cdb9146962523b92f531f6893"
    integrity sha512-8SFQbg/0hQ9xy3UNTB0YEnsNBbWfhf7RtnzpL7TkBiTBRfrQ9Fxcnz7VJsleJpyp6rVLvXiuORqjlHi5q+PYuA==
    dependencies:
      streamsearch "^1.1.0"
  
  bytes@3.1.2:
    version "3.1.2"
    resolved "https://registry.npmjs.org/bytes/-/bytes-3.1.2.tgz"
    integrity sha512-/Nf7TyzTx6S3yRJObOAV7956r8cr2+Oj8AC5dt8wSP3BQAoeX58NoHyCU8P8zGkNXStjTSi6fzO6F0pBdcYbEg==
  
  call-bind@^1.0.0:
    version "1.0.2"
    resolved "https://registry.npmjs.org/call-bind/-/call-bind-1.0.2.tgz"
    integrity sha512-7O+FbCihrB5WGbFYesctwmTKae6rOiIzmz1icreWJ+0aA7LJfuqhEso2T9ncpcFtzMQtzXf2QGGueWJGTYsqrA==
    dependencies:
      function-bind "^1.1.1"
      get-intrinsic "^1.0.2"
  
  chokidar@^3.5.2:
    version "3.5.3"
    resolved "https://registry.npmjs.org/chokidar/-/chokidar-3.5.3.tgz"
    integrity sha512-Dr3sfKRP6oTcjf2JmUmFJfeVMvXBdegxB0iVQ5eb2V10uFJUCAS8OByZdVAyVb8xXNz3GjjTgj9kLWsZTqE6kw==
    dependencies:
      anymatch "~3.1.2"
      braces "~3.0.2"
      glob-parent "~5.1.2"
      is-binary-path "~2.1.0"
      is-glob "~4.0.1"
      normalize-path "~3.0.0"
      readdirp "~3.6.0"
    optionalDependencies:
      fsevents "~2.3.2"
  
  concat-map@0.0.1:
    version "0.0.1"
    resolved "https://registry.npmjs.org/concat-map/-/concat-map-0.0.1.tgz"
    integrity sha512-/Srv4dswyQNBfohGpz9o6Yb3Gz3SrUDqBH5rTuhGR7ahtlbYKnVxw2bCFMRljaA7EXHaXZ8wsHdodFvbkhKmqg==
  
  concat-stream@^1.5.2:
    version "1.6.2"
    resolved "https://registry.yarnpkg.com/concat-stream/-/concat-stream-1.6.2.tgz#904bdf194cd3122fc675c77fc4ac3d4ff0fd1a34"
    integrity sha512-27HBghJxjiZtIk3Ycvn/4kbJk/1uZuJFfuPEns6LaEvpvG1f0hTea8lilrouyo9mVc2GWdcEZ8OLoGmSADlrCw==
    dependencies:
      buffer-from "^1.0.0"
      inherits "^2.0.3"
      readable-stream "^2.2.2"
      typedarray "^0.0.6"
  
  content-disposition@0.5.4:
    version "0.5.4"
    resolved "https://registry.npmjs.org/content-disposition/-/content-disposition-0.5.4.tgz"
    integrity sha512-FveZTNuGw04cxlAiWbzi6zTAL/lhehaWbTtgluJh4/E95DqMwTmha3KZN1aAWA8cFIhHzMZUvLevkw5Rqk+tSQ==
    dependencies:
      safe-buffer "5.2.1"
  
  content-type@~1.0.4:
    version "1.0.5"
    resolved "https://registry.npmjs.org/content-type/-/content-type-1.0.5.tgz"
    integrity sha512-nTjqfcBFEipKdXCv4YDQWCfmcLZKm81ldF0pAopTvyrFGVbcR6P/VAAd5G7N+0tTr8QqiU0tFadD6FK4NtJwOA==
  
  cookie-parser@^1.4.6:
    version "1.4.6"
    resolved "https://registry.yarnpkg.com/cookie-parser/-/cookie-parser-1.4.6.tgz#3ac3a7d35a7a03bbc7e365073a26074824214594"
    integrity sha512-z3IzaNjdwUC2olLIB5/ITd0/setiaFMLYiZJle7xg5Fe9KWAceil7xszYfHHBtDFYLSgJduS2Ty0P1uJdPDJeA==
    dependencies:
      cookie "0.4.1"
      cookie-signature "1.0.6"
  
  cookie-signature@1.0.6:
    version "1.0.6"
    resolved "https://registry.npmjs.org/cookie-signature/-/cookie-signature-1.0.6.tgz"
    integrity sha512-QADzlaHc8icV8I7vbaJXJwod9HWYp8uCqf1xa4OfNu1T7JVxQIrUgOWtHdNDtPiywmFbiS12VjotIXLrKM3orQ==
  
  cookie@0.4.1:
    version "0.4.1"
    resolved "https://registry.yarnpkg.com/cookie/-/cookie-0.4.1.tgz#afd713fe26ebd21ba95ceb61f9a8116e50a537d1"
    integrity sha512-ZwrFkGJxUR3EIoXtO+yVE69Eb7KlixbaeAWfBQB9vVsNn/o+Yw69gBWSSDK825hQNdN+wF8zELf3dFNl/kxkUA==
  
  cookie@0.5.0:
    version "0.5.0"
    resolved "https://registry.npmjs.org/cookie/-/cookie-0.5.0.tgz"
    integrity sha512-YZ3GUyn/o8gfKJlnlX7g7xq4gyO6OSuhGPKaaGssGB2qgDUS0gPgtTvoyZLTt9Ab6dC4hfc9dV5arkvc/OCmrw==
  
  core-util-is@~1.0.0:
    version "1.0.3"
    resolved "https://registry.yarnpkg.com/core-util-is/-/core-util-is-1.0.3.tgz#a6042d3634c2b27e9328f837b965fac83808db85"
    integrity sha512-ZQBvi1DcpJ4GDqanjucZ2Hj3wEO5pZDS89BWbkcrvdxksJorwUDDZamX9ldFkp9aw2lmBDLgkObEA4DWNJ9FYQ==
  
  cors@^2.8.5:
    version "2.8.5"
    resolved "https://registry.yarnpkg.com/cors/-/cors-2.8.5.tgz#eac11da51592dd86b9f06f6e7ac293b3df875d29"
    integrity sha512-KIHbLJqu73RGr/hnbrO9uBeixNGuvSQjul/jdFvS/KFSIH1hWVd1ng7zOHx+YrEfInLG7q4n6GHQ9cDtxv/P6g==
    dependencies:
      object-assign "^4"
      vary "^1"
  
  debug@2.6.9:
    version "2.6.9"
    resolved "https://registry.npmjs.org/debug/-/debug-2.6.9.tgz"
    integrity sha512-bC7ElrdJaJnPbAP+1EotYvqZsb3ecl5wi6Bfi6BJTUcNowp6cvspg0jXznRTKDjm/E7AdgFBVeAPVMNcKGsHMA==
    dependencies:
      ms "2.0.0"
  
  debug@4.x:
    version "4.3.4"
    resolved "https://registry.yarnpkg.com/debug/-/debug-4.3.4.tgz#1319f6579357f2338d3337d2cdd4914bb5dcc865"
    integrity sha512-PRWFHuSU3eDtQJPvnNY7Jcket1j0t5OuOsFzPPzsekD52Zl8qUfFIPEiswXqIvHWGVHOgX+7G/vCNNhehwxfkQ==
    dependencies:
      ms "2.1.2"
  
  debug@^3.2.7:
    version "3.2.7"
    resolved "https://registry.npmjs.org/debug/-/debug-3.2.7.tgz"
    integrity sha512-CFjzYYAi4ThfiQvizrFQevTTXHtnCqWfe7x1AhgEscTz6ZbLbfoLRLPugTQyBth6f8ZERVUSyWHFD/7Wu4t1XQ==
    dependencies:
      ms "^2.1.1"
  
  depd@2.0.0:
    version "2.0.0"
    resolved "https://registry.npmjs.org/depd/-/depd-2.0.0.tgz"
    integrity sha512-g7nH6P6dyDioJogAAGprGpCtVImJhpPk/roCzdb3fIh61/s/nPsfR6onyMwkCAR/OlC3yBC0lESvUoQEAssIrw==
  
  destroy@1.2.0:
    version "1.2.0"
    resolved "https://registry.npmjs.org/destroy/-/destroy-1.2.0.tgz"
    integrity sha512-2sJGJTaXIIaR1w4iJSNoN0hnMY7Gpc/n8D4qSCJw8QqFWXf7cuAgnEHxBpweaVcPevC2l3KpjYCx3NypQQgaJg==
  
  dotenv@^16.0.3:
    version "16.0.3"
    resolved "https://registry.yarnpkg.com/dotenv/-/dotenv-16.0.3.tgz#115aec42bac5053db3c456db30cc243a5a836a07"
    integrity sha512-7GO6HghkA5fYG9TYnNxi14/7K9f5occMlp3zXAuSxn7CKCxt9xbNWG7yF8hTCSUchlfWSe3uLmlPfigevRItzQ==
  
  ecdsa-sig-formatter@1.0.11:
    version "1.0.11"
    resolved "https://registry.yarnpkg.com/ecdsa-sig-formatter/-/ecdsa-sig-formatter-1.0.11.tgz#ae0f0fa2d85045ef14a817daa3ce9acd0489e5bf"
    integrity sha512-nagl3RYrbNv6kQkeJIpt6NJZy8twLB/2vtz6yN9Z4vRKHN4/QZJIEbqohALSgwKdnksuY3k5Addp5lg8sVoVcQ==
    dependencies:
      safe-buffer "^5.0.1"
  
  ee-first@1.1.1:
    version "1.1.1"
    resolved "https://registry.npmjs.org/ee-first/-/ee-first-1.1.1.tgz"
    integrity sha512-WMwm9LhRUo+WUaRN+vRuETqG89IgZphVSNkdFgeb6sS/E4OrDIN7t48CAewSHXc6C8lefD8KKfr5vY61brQlow==
  
  encodeurl@~1.0.2:
    version "1.0.2"
    resolved "https://registry.npmjs.org/encodeurl/-/encodeurl-1.0.2.tgz"
    integrity sha512-TPJXq8JqFaVYm2CWmPvnP2Iyo4ZSM7/QKcSmuMLDObfpH5fi7RUGmd/rTDf+rut/saiDiQEeVTNgAmJEdAOx0w==
  
  escape-html@~1.0.3:
    version "1.0.3"
    resolved "https://registry.npmjs.org/escape-html/-/escape-html-1.0.3.tgz"
    integrity sha512-NiSupZ4OeuGwr68lGIeym/ksIZMJodUGOSCZ/FSnTxcrekbvqrgdUxlJOMpijaKZVjAJrWrGs/6Jy8OMuyj9ow==
  
  etag@~1.8.1:
    version "1.8.1"
    resolved "https://registry.npmjs.org/etag/-/etag-1.8.1.tgz"
    integrity sha512-aIL5Fx7mawVa300al2BnEE4iNvo1qETxLrPI/o05L7z6go7fCw1J6EQmbK4FmJ2AS7kgVF/KEZWufBfdClMcPg==
  
  express@^4.18.2:
    version "4.18.2"
    resolved "https://registry.npmjs.org/express/-/express-4.18.2.tgz"
    integrity sha512-5/PsL6iGPdfQ/lKM1UuielYgv3BUoJfz1aUwU9vHZ+J7gyvwdQXFEBIEIaxeGf0GIcreATNyBExtalisDbuMqQ==
    dependencies:
      accepts "~1.3.8"
      array-flatten "1.1.1"
      body-parser "1.20.1"
      content-disposition "0.5.4"
      content-type "~1.0.4"
      cookie "0.5.0"
      cookie-signature "1.0.6"
      debug "2.6.9"
      depd "2.0.0"
      encodeurl "~1.0.2"
      escape-html "~1.0.3"
      etag "~1.8.1"
      finalhandler "1.2.0"
      fresh "0.5.2"
      http-errors "2.0.0"
      merge-descriptors "1.0.1"
      methods "~1.1.2"
      on-finished "2.4.1"
      parseurl "~1.3.3"
      path-to-regexp "0.1.7"
      proxy-addr "~2.0.7"
      qs "6.11.0"
      range-parser "~1.2.1"
      safe-buffer "5.2.1"
      send "0.18.0"
      serve-static "1.15.0"
      setprototypeof "1.2.0"
      statuses "2.0.1"
      type-is "~1.6.18"
      utils-merge "1.0.1"
      vary "~1.1.2"
  
  fast-xml-parser@4.1.2:
    version "4.1.2"
    resolved "https://registry.yarnpkg.com/fast-xml-parser/-/fast-xml-parser-4.1.2.tgz#5a98c18238d28a57bbdfa9fe4cda01211fff8f4a"
    integrity sha512-CDYeykkle1LiA/uqQyNwYpFbyF6Axec6YapmpUP+/RHWIoR1zKjocdvNaTsxCxZzQ6v9MLXaSYm9Qq0thv0DHg==
    dependencies:
      strnum "^1.0.5"
  
  fill-range@^7.0.1:
    version "7.0.1"
    resolved "https://registry.npmjs.org/fill-range/-/fill-range-7.0.1.tgz"
    integrity sha512-qOo9F+dMUmC2Lcb4BbVvnKJxTPjCm+RRpe4gDuGrzkL7mEVl/djYSu2OdQ2Pa302N4oqkSg9ir6jaLWJ2USVpQ==
    dependencies:
      to-regex-range "^5.0.1"
  
  finalhandler@1.2.0:
    version "1.2.0"
    resolved "https://registry.npmjs.org/finalhandler/-/finalhandler-1.2.0.tgz"
    integrity sha512-5uXcUVftlQMFnWC9qu/svkWv3GTd2PfUhK/3PLkYNAe7FbqJMt3515HaxE6eRL74GdsriiwujiawdaB1BpEISg==
    dependencies:
      debug "2.6.9"
      encodeurl "~1.0.2"
      escape-html "~1.0.3"
      on-finished "2.4.1"
      parseurl "~1.3.3"
      statuses "2.0.1"
      unpipe "~1.0.0"
  
  follow-redirects@^1.15.0:
    version "1.15.2"
    resolved "https://registry.yarnpkg.com/follow-redirects/-/follow-redirects-1.15.2.tgz#b460864144ba63f2681096f274c4e57026da2c13"
    integrity sha512-VQLG33o04KaQ8uYi2tVNbdrWp1QWxNNea+nmIB4EVM28v0hmP17z7aG1+wAkNzVq4KeXTq3221ye5qTJP91JwA==
  
  forwarded@0.2.0:
    version "0.2.0"
    resolved "https://registry.npmjs.org/forwarded/-/forwarded-0.2.0.tgz"
    integrity sha512-buRG0fpBtRHSTCOASe6hD258tEubFoRLb4ZNA6NxMVHNw2gOcwHo9wyablzMzOA5z9xA9L1KNjk/Nt6MT9aYow==
  
  fresh@0.5.2:
    version "0.5.2"
    resolved "https://registry.npmjs.org/fresh/-/fresh-0.5.2.tgz"
    integrity sha512-zJ2mQYM18rEFOudeV4GShTGIQ7RbzA7ozbU9I/XBpm7kqgMywgmylMwXHxZJmkVoYkna9d2pVXVXPdYTP9ej8Q==
  
  fsevents@~2.3.2:
    version "2.3.2"
    resolved "https://registry.yarnpkg.com/fsevents/-/fsevents-2.3.2.tgz#8a526f78b8fdf4623b709e0b975c52c24c02fd1a"
    integrity sha512-xiqMQR4xAeHTuB9uWm+fFRcIOgKBMiOBP+eXiyT7jsgVCq1bkVygt00oASowB7EdtpOHaaPgKt812P9ab+DDKA==
  
  function-bind@^1.1.1:
    version "1.1.1"
    resolved "https://registry.npmjs.org/function-bind/-/function-bind-1.1.1.tgz"
    integrity sha512-yIovAzMX49sF8Yl58fSCWJ5svSLuaibPxXQJFLmBObTuCr0Mf1KiPopGM9NiFjiYBCbfaa2Fh6breQ6ANVTI0A==
  
  get-intrinsic@^1.0.2:
    version "1.2.0"
    resolved "https://registry.npmjs.org/get-intrinsic/-/get-intrinsic-1.2.0.tgz"
    integrity sha512-L049y6nFOuom5wGyRc3/gdTLO94dySVKRACj1RmJZBQXlbTMhtNIgkWkUHq+jYmZvKf14EW1EoJnnjbmoHij0Q==
    dependencies:
      function-bind "^1.1.1"
      has "^1.0.3"
      has-symbols "^1.0.3"
  
  glob-parent@~5.1.2:
    version "5.1.2"
    resolved "https://registry.npmjs.org/glob-parent/-/glob-parent-5.1.2.tgz"
    integrity sha512-AOIgSQCepiJYwP3ARnGx+5VnTu2HBYdzbGP45eLw1vr3zB3vZLeyed1sC9hnbcOc9/SrMyM5RPQrkGz4aS9Zow==
    dependencies:
      is-glob "^4.0.1"
  
  has-flag@^3.0.0:
    version "3.0.0"
    resolved "https://registry.npmjs.org/has-flag/-/has-flag-3.0.0.tgz"
    integrity sha512-sKJf1+ceQBr4SMkvQnBDNDtf4TXpVhVGateu0t918bl30FnbE2m4vNLX+VWe/dpjlb+HugGYzW7uQXH98HPEYw==
  
  has-symbols@^1.0.3:
    version "1.0.3"
    resolved "https://registry.npmjs.org/has-symbols/-/has-symbols-1.0.3.tgz"
    integrity sha512-l3LCuF6MgDNwTDKkdYGEihYjt5pRPbEg46rtlmnSPlUbgmB8LOIrKJbYYFBSbnPaJexMKtiPO8hmeRjRz2Td+A==
  
  has@^1.0.3:
    version "1.0.3"
    resolved "https://registry.npmjs.org/has/-/has-1.0.3.tgz"
    integrity sha512-f2dvO0VU6Oej7RkWJGrehjbzMAjFp5/VKPp5tTpWIV4JHHZK1/BxbFRtf/siA2SWTe09caDmVtYYzWEIbBS4zw==
    dependencies:
      function-bind "^1.1.1"
  
  http-errors@2.0.0:
    version "2.0.0"
    resolved "https://registry.npmjs.org/http-errors/-/http-errors-2.0.0.tgz"
    integrity sha512-FtwrG/euBzaEjYeRqOgly7G0qviiXoJWnvEH2Z1plBdXgbyjv34pHTSb9zoeHMyDy33+DWy5Wt9Wo+TURtOYSQ==
    dependencies:
      depd "2.0.0"
      inherits "2.0.4"
      setprototypeof "1.2.0"
      statuses "2.0.1"
      toidentifier "1.0.1"
  
  iconv-lite@0.4.24:
    version "0.4.24"
    resolved "https://registry.npmjs.org/iconv-lite/-/iconv-lite-0.4.24.tgz"
    integrity sha512-v3MXnZAcvnywkTUEZomIActle7RXXeedOR31wwl7VlyoXO4Qi9arvSenNQWne1TcRwhCL1HwLI21bEqdpj8/rA==
    dependencies:
      safer-buffer ">= 2.1.2 < 3"
  
  ignore-by-default@^1.0.1:
    version "1.0.1"
    resolved "https://registry.npmjs.org/ignore-by-default/-/ignore-by-default-1.0.1.tgz"
    integrity sha512-Ius2VYcGNk7T90CppJqcIkS5ooHUZyIQK+ClZfMfMNFEF9VSE73Fq+906u/CWu92x4gzZMWOwfFYckPObzdEbA==
  
  image-downloader@^4.3.0:
    version "4.3.0"
    resolved "https://registry.yarnpkg.com/image-downloader/-/image-downloader-4.3.0.tgz#1bc6012d4c1eeeae82b7cabada13c5d0359045f4"
    integrity sha512-UBioN0E+8zu8N0lLC6wkZmPA/MA1A3yx9B1whjy5O/YiOV9XrSxLLKi7JqLLj6knQ3n9N1OBoHFS7shp8sehBQ==
    dependencies:
      follow-redirects "^1.15.0"
  
  inherits@2.0.4, inherits@^2.0.3, inherits@~2.0.3:
    version "2.0.4"
    resolved "https://registry.npmjs.org/inherits/-/inherits-2.0.4.tgz"
    integrity sha512-k/vGaX4/Yla3WzyMCvTQOXYeIHvqOKtnqBduzTHpzpQZzAskKMhZ2K+EnBiSM9zGSoIFeMpXKxa4dYeZIQqewQ==
  
  ip@^2.0.0:
    version "2.0.0"
    resolved "https://registry.yarnpkg.com/ip/-/ip-2.0.0.tgz#4cf4ab182fee2314c75ede1276f8c80b479936da"
    integrity sha512-WKa+XuLG1A1R0UWhl2+1XQSi+fZWMsYKffMZTTYsiZaUD8k2yDAj5atimTUD2TZkyCkNEeYE5NhFZmupOGtjYQ==
  
  ipaddr.js@1.9.1:
    version "1.9.1"
    resolved "https://registry.npmjs.org/ipaddr.js/-/ipaddr.js-1.9.1.tgz"
    integrity sha512-0KI/607xoxSToH7GjN1FfSbLoU0+btTicjsQSWQlh/hZykN8KpmMf7uYwPW3R+akZ6R/w18ZlXSHBYXiYUPO3g==
  
  is-binary-path@~2.1.0:
    version "2.1.0"
    resolved "https://registry.npmjs.org/is-binary-path/-/is-binary-path-2.1.0.tgz"
    integrity sha512-ZMERYes6pDydyuGidse7OsHxtbI7WVeUEozgR/g7rd0xUimYNlvZRE/K2MgZTjWy725IfelLeVcEM97mmtRGXw==
    dependencies:
      binary-extensions "^2.0.0"
  
  is-extglob@^2.1.1:
    version "2.1.1"
    resolved "https://registry.npmjs.org/is-extglob/-/is-extglob-2.1.1.tgz"
    integrity sha512-SbKbANkN603Vi4jEZv49LeVJMn4yGwsbzZworEoyEiutsN3nJYdbO36zfhGJ6QEDpOZIFkDtnq5JRxmvl3jsoQ==
  
  is-glob@^4.0.1, is-glob@~4.0.1:
    version "4.0.3"
    resolved "https://registry.npmjs.org/is-glob/-/is-glob-4.0.3.tgz"
    integrity sha512-xelSayHH36ZgE7ZWhli7pW34hNbNl8Ojv5KVmkJD4hBdD3th8Tfk9vYasLM+mXWOZhFkgZfxhLSnrwRr4elSSg==
    dependencies:
      is-extglob "^2.1.1"
  
  is-number@^7.0.0:
    version "7.0.0"
    resolved "https://registry.npmjs.org/is-number/-/is-number-7.0.0.tgz"
    integrity sha512-41Cifkg6e8TylSpdtTpeLVMqvSBEVzTttHvERD741+pnZ8ANv0004MRL43QKPDlK9cGvNp6NZWZUBlbGXYxxng==
  
  isarray@~1.0.0:
    version "1.0.0"
    resolved "https://registry.yarnpkg.com/isarray/-/isarray-1.0.0.tgz#bb935d48582cba168c06834957a54a3e07124f11"
    integrity sha512-VLghIWNM6ELQzo7zwmcg0NmTVyWKYjvIeM83yjp0wRDTmUnrM678fQbcKBo6n2CJEF0szoG//ytg+TKla89ALQ==
  
  jsonwebtoken@^9.0.0:
    version "9.0.0"
    resolved "https://registry.yarnpkg.com/jsonwebtoken/-/jsonwebtoken-9.0.0.tgz#d0faf9ba1cc3a56255fe49c0961a67e520c1926d"
    integrity sha512-tuGfYXxkQGDPnLJ7SibiQgVgeDgfbPq2k2ICcbgqW8WxWLBAxKQM/ZCu/IT8SOSwmaYl4dpTFCW5xZv7YbbWUw==
    dependencies:
      jws "^3.2.2"
      lodash "^4.17.21"
      ms "^2.1.1"
      semver "^7.3.8"
  
  jwa@^1.4.1:
    version "1.4.1"
    resolved "https://registry.yarnpkg.com/jwa/-/jwa-1.4.1.tgz#743c32985cb9e98655530d53641b66c8645b039a"
    integrity sha512-qiLX/xhEEFKUAJ6FiBMbes3w9ATzyk5W7Hvzpa/SLYdxNtng+gcurvrI7TbACjIXlsJyr05/S1oUhZrc63evQA==
    dependencies:
      buffer-equal-constant-time "1.0.1"
      ecdsa-sig-formatter "1.0.11"
      safe-buffer "^5.0.1"
  
  jws@^3.2.2:
    version "3.2.2"
    resolved "https://registry.yarnpkg.com/jws/-/jws-3.2.2.tgz#001099f3639468c9414000e99995fa52fb478304"
    integrity sha512-YHlZCB6lMTllWDtSPHz/ZXTsi8S00usEV6v1tjq8tOUZzw7DpSDWVXjXDre6ed1w/pd495ODpHZYSdkRTsa0HA==
    dependencies:
      jwa "^1.4.1"
      safe-buffer "^5.0.1"
  
  kareem@2.5.1:
    version "2.5.1"
    resolved "https://registry.yarnpkg.com/kareem/-/kareem-2.5.1.tgz#7b8203e11819a8e77a34b3517d3ead206764d15d"
    integrity sha512-7jFxRVm+jD+rkq3kY0iZDJfsO2/t4BBPeEb2qKn2lR/9KhuksYk5hxzfRYWMPV8P/x2d0kHD306YyWLzjjH+uA==
  
  lodash@^4.17.21:
    version "4.17.21"
    resolved "https://registry.yarnpkg.com/lodash/-/lodash-4.17.21.tgz#679591c564c3bffaae8454cf0b3df370c3d6911c"
    integrity sha512-v2kDEe57lecTulaDIuNTPy3Ry4gLGJ6Z1O3vE1krgXZNrsQ+LFTGHVxVjcXPs17LhbZVGedAJv8XZ1tvj5FvSg==
  
  lru-cache@^6.0.0:
    version "6.0.0"
    resolved "https://registry.yarnpkg.com/lru-cache/-/lru-cache-6.0.0.tgz#6d6fe6570ebd96aaf90fcad1dafa3b2566db3a94"
    integrity sha512-Jo6dJ04CmSjuznwJSS3pUeWmd/H0ffTlkXXgwZi+eq1UCmqQwCh+eLsYOYCwY991i2Fah4h1BEMCx4qThGbsiA==
    dependencies:
      yallist "^4.0.0"
  
  media-typer@0.3.0:
    version "0.3.0"
    resolved "https://registry.npmjs.org/media-typer/-/media-typer-0.3.0.tgz"
    integrity sha512-dq+qelQ9akHpcOl/gUVRTxVIOkAJ1wR3QAvb4RsVjS8oVoFjDGTc679wJYmUmknUF5HwMLOgb5O+a3KxfWapPQ==
  
  memory-pager@^1.0.2:
    version "1.5.0"
    resolved "https://registry.yarnpkg.com/memory-pager/-/memory-pager-1.5.0.tgz#d8751655d22d384682741c972f2c3d6dfa3e66b5"
    integrity sha512-ZS4Bp4r/Zoeq6+NLJpP+0Zzm0pR8whtGPf1XExKLJBAczGMnSi3It14OiNCStjQjM6NU1okjQGSxgEZN8eBYKg==
  
  merge-descriptors@1.0.1:
    version "1.0.1"
    resolved "https://registry.npmjs.org/merge-descriptors/-/merge-descriptors-1.0.1.tgz"
    integrity sha512-cCi6g3/Zr1iqQi6ySbseM1Xvooa98N0w31jzUYrXPX2xqObmFGHJ0tQ5u74H3mVh7wLouTseZyYIq39g8cNp1w==
  
  methods@~1.1.2:
    version "1.1.2"
    resolved "https://registry.npmjs.org/methods/-/methods-1.1.2.tgz"
    integrity sha512-iclAHeNqNm68zFtnZ0e+1L2yUIdvzNoauKU4WBA3VvH/vPFieF7qfRlwUZU+DA9P9bPXIS90ulxoUoCH23sV2w==
  
  mime-db@1.52.0:
    version "1.52.0"
    resolved "https://registry.npmjs.org/mime-db/-/mime-db-1.52.0.tgz"
    integrity sha512-sPU4uV7dYlvtWJxwwxHD0PuihVNiE7TyAbQ5SWxDCB9mUYvOgroQOwYQQOKPJ8CIbE+1ETVlOoK1UC2nU3gYvg==
  
  mime-types@^2.1.35, mime-types@~2.1.24, mime-types@~2.1.34:
    version "2.1.35"
    resolved "https://registry.npmjs.org/mime-types/-/mime-types-2.1.35.tgz"
    integrity sha512-ZDY+bPm5zTTF+YpCrAU9nK0UgICYPT0QtT1NZWFv4s++TNkcgVaT0g6+4R2uI4MjQjzysHB1zxuWL50hzaeXiw==
    dependencies:
      mime-db "1.52.0"
  
  mime@1.6.0:
    version "1.6.0"
    resolved "https://registry.npmjs.org/mime/-/mime-1.6.0.tgz"
    integrity sha512-x0Vn8spI+wuJ1O6S7gnbaQg8Pxh4NNHb7KSINmEWKiPE4RKOplvijn+NkmYmmRgP68mc70j2EbeTFRsrswaQeg==
  
  minimatch@^3.1.2:
    version "3.1.2"
    resolved "https://registry.npmjs.org/minimatch/-/minimatch-3.1.2.tgz"
    integrity sha512-J7p63hRiAjw1NDEww1W7i37+ByIrOWO5XQQAzZ3VOcL0PNybwpfmV/N05zFAzwQ9USyEcX6t3UO+K5aqBQOIHw==
    dependencies:
      brace-expansion "^1.1.7"
  
  minimist@^1.2.6:
    version "1.2.8"
    resolved "https://registry.yarnpkg.com/minimist/-/minimist-1.2.8.tgz#c1a464e7693302e082a075cee0c057741ac4772c"
    integrity sha512-2yyAR8qBkN3YuheJanUpWC5U3bb5osDywNB8RzDVlDwDHbocAJveqqj1u8+SVD7jkWT4yvsHCpWqqWqAxb0zCA==
  
  mkdirp@^0.5.4:
    version "0.5.6"
    resolved "https://registry.yarnpkg.com/mkdirp/-/mkdirp-0.5.6.tgz#7def03d2432dcae4ba1d611445c48396062255f6"
    integrity sha512-FP+p8RB8OWpF3YZBCrP5gtADmtXApB5AMLn+vdyA+PyxCjrCs00mjyUozssO33cwDeT3wNGdLxJ5M//YqtHAJw==
    dependencies:
      minimist "^1.2.6"
  
  mongodb-connection-string-url@^2.6.0:
    version "2.6.0"
    resolved "https://registry.yarnpkg.com/mongodb-connection-string-url/-/mongodb-connection-string-url-2.6.0.tgz#57901bf352372abdde812c81be47b75c6b2ec5cf"
    integrity sha512-WvTZlI9ab0QYtTYnuMLgobULWhokRjtC7db9LtcVfJ+Hsnyr5eo6ZtNAt3Ly24XZScGMelOcGtm7lSn0332tPQ==
    dependencies:
      "@types/whatwg-url" "^8.2.1"
      whatwg-url "^11.0.0"
  
  mongodb@5.1.0:
    version "5.1.0"
    resolved "https://registry.yarnpkg.com/mongodb/-/mongodb-5.1.0.tgz#e551f9e496777bde9173e51d16c163ab2c805b9d"
    integrity sha512-qgKb7y+EI90y4weY3z5+lIgm8wmexbonz0GalHkSElQXVKtRuwqXuhXKccyvIjXCJVy9qPV82zsinY0W1FBnJw==
    dependencies:
      bson "^5.0.1"
      mongodb-connection-string-url "^2.6.0"
      socks "^2.7.1"
    optionalDependencies:
      saslprep "^1.0.3"
  
  mongoose@^7.0.2:
    version "7.0.2"
    resolved "https://registry.yarnpkg.com/mongoose/-/mongoose-7.0.2.tgz#679df6bae18abb7a27f412c4e9e7285363cd07eb"
    integrity sha512-whX+5lAOLOs6VXRr9w+6m5qb8m/IXWLLb9+0/HRUh2TiIYtTt7UvajK92zW6wllCjBkrrnz/MDIOTCWMbs8K4g==
    dependencies:
      bson "^5.0.1"
      kareem "2.5.1"
      mongodb "5.1.0"
      mpath "0.9.0"
      mquery "5.0.0"
      ms "2.1.3"
      sift "16.0.1"
  
  mpath@0.9.0:
    version "0.9.0"
    resolved "https://registry.yarnpkg.com/mpath/-/mpath-0.9.0.tgz#0c122fe107846e31fc58c75b09c35514b3871904"
    integrity sha512-ikJRQTk8hw5DEoFVxHG1Gn9T/xcjtdnOKIU1JTmGjZZlg9LST2mBLmcX3/ICIbgJydT2GOc15RnNy5mHmzfSew==
  
  mquery@5.0.0:
    version "5.0.0"
    resolved "https://registry.yarnpkg.com/mquery/-/mquery-5.0.0.tgz#a95be5dfc610b23862df34a47d3e5d60e110695d"
    integrity sha512-iQMncpmEK8R8ncT8HJGsGc9Dsp8xcgYMVSbs5jgnm1lFHTZqMJTUWTDx1LBO8+mK3tPNZWFLBghQEIOULSTHZg==
    dependencies:
      debug "4.x"
  
  ms@2.0.0:
    version "2.0.0"
    resolved "https://registry.npmjs.org/ms/-/ms-2.0.0.tgz"
    integrity sha512-Tpp60P6IUJDTuOq/5Z8cdskzJujfwqfOTkrwIwj7IRISpnkJnT6SyJ4PCPnGMoFjC9ddhal5KVIYtAt97ix05A==
  
  ms@2.1.2:
    version "2.1.2"
    resolved "https://registry.yarnpkg.com/ms/-/ms-2.1.2.tgz#d09d1f357b443f493382a8eb3ccd183872ae6009"
    integrity sha512-sGkPx+VjMtmA6MX27oA4FBFELFCZZ4S4XqeGOXCv68tT+jb3vk/RyaKWP0PTKyWtmLSM0b+adUTEvbs1PEaH2w==
  
  ms@2.1.3, ms@^2.1.1:
    version "2.1.3"
    resolved "https://registry.npmjs.org/ms/-/ms-2.1.3.tgz"
    integrity sha512-6FlzubTLZG3J2a/NVCAleEhjzq5oxgHyaCU9yYXvcLsvoVaHJq/s5xXI6/XXP6tz7R9xAOtHnSO/tXtF3WRTlA==
  
  multer@^1.4.5-lts.1:
    version "1.4.5-lts.1"
    resolved "https://registry.yarnpkg.com/multer/-/multer-1.4.5-lts.1.tgz#803e24ad1984f58edffbc79f56e305aec5cfd1ac"
    integrity sha512-ywPWvcDMeH+z9gQq5qYHCCy+ethsk4goepZ45GLD63fOu0YcNecQxi64nDs3qluZB+murG3/D4dJ7+dGctcCQQ==
    dependencies:
      append-field "^1.0.0"
      busboy "^1.0.0"
      concat-stream "^1.5.2"
      mkdirp "^0.5.4"
      object-assign "^4.1.1"
      type-is "^1.6.4"
      xtend "^4.0.0"
  
  negotiator@0.6.3:
    version "0.6.3"
    resolved "https://registry.npmjs.org/negotiator/-/negotiator-0.6.3.tgz"
    integrity sha512-+EUsqGPLsM+j/zdChZjsnX51g4XrHFOIXwfnCVPGlQk/k5giakcKsuxCObBRu6DSm9opw/O6slWbJdghQM4bBg==
  
  nodemon@^2.0.21:
    version "2.0.21"
    resolved "https://registry.yarnpkg.com/nodemon/-/nodemon-2.0.21.tgz#267edff25578da91075d6aa54346ef77ecb7b302"
    integrity sha512-djN/n2549DUtY33S7o1djRCd7dEm0kBnj9c7S9XVXqRUbuggN1MZH/Nqa+5RFQr63Fbefq37nFXAE9VU86yL1A==
    dependencies:
      chokidar "^3.5.2"
      debug "^3.2.7"
      ignore-by-default "^1.0.1"
      minimatch "^3.1.2"
      pstree.remy "^1.1.8"
      semver "^5.7.1"
      simple-update-notifier "^1.0.7"
      supports-color "^5.5.0"
      touch "^3.1.0"
      undefsafe "^2.0.5"
  
  nopt@~1.0.10:
    version "1.0.10"
    resolved "https://registry.npmjs.org/nopt/-/nopt-1.0.10.tgz"
    integrity sha512-NWmpvLSqUrgrAC9HCuxEvb+PSloHpqVu+FqcO4eeF2h5qYRhA7ev6KvelyQAKtegUbC6RypJnlEOhd8vloNKYg==
    dependencies:
      abbrev "1"
  
  normalize-path@^3.0.0, normalize-path@~3.0.0:
    version "3.0.0"
    resolved "https://registry.npmjs.org/normalize-path/-/normalize-path-3.0.0.tgz"
    integrity sha512-6eZs5Ls3WtCisHWp9S2GUy8dqkpGi4BVSz3GaqiE6ezub0512ESztXUwUB6C6IKbQkY2Pnb/mD4WYojCRwcwLA==
  
  object-assign@^4, object-assign@^4.1.1:
    version "4.1.1"
    resolved "https://registry.yarnpkg.com/object-assign/-/object-assign-4.1.1.tgz#2109adc7965887cfc05cbbd442cac8bfbb360863"
    integrity sha512-rJgTQnkUnH1sFw8yT6VSU3zD3sWmu6sZhIseY8VX+GRu3P6F7Fu+JNDoXfklElbLJSnc3FUQHVe4cU5hj+BcUg==
  
  object-inspect@^1.9.0:
    version "1.12.3"
    resolved "https://registry.npmjs.org/object-inspect/-/object-inspect-1.12.3.tgz"
    integrity sha512-geUvdk7c+eizMNUDkRpW1wJwgfOiOeHbxBR/hLXK1aT6zmVSO0jsQcs7fj6MGw89jC/cjGfLcNOrtMYtGqm81g==
  
  on-finished@2.4.1:
    version "2.4.1"
    resolved "https://registry.npmjs.org/on-finished/-/on-finished-2.4.1.tgz"
    integrity sha512-oVlzkg3ENAhCk2zdv7IJwd/QUD4z2RxRwpkcGY8psCVcCYZNq4wYnVWALHM+brtuJjePWiYF/ClmuDr8Ch5+kg==
    dependencies:
      ee-first "1.1.1"
  
  parseurl@~1.3.3:
    version "1.3.3"
    resolved "https://registry.npmjs.org/parseurl/-/parseurl-1.3.3.tgz"
    integrity sha512-CiyeOxFT/JZyN5m0z9PfXw4SCBJ6Sygz1Dpl0wqjlhDEGGBP1GnsUVEL0p63hoG1fcj3fHynXi9NYO4nWOL+qQ==
  
  path-to-regexp@0.1.7:
    version "0.1.7"
    resolved "https://registry.npmjs.org/path-to-regexp/-/path-to-regexp-0.1.7.tgz"
    integrity sha512-5DFkuoqlv1uYQKxy8omFBeJPQcdoE07Kv2sferDCrAq1ohOU+MSDswDIbnx3YAM60qIOnYa53wBhXW0EbMonrQ==
  
  picomatch@^2.0.4, picomatch@^2.2.1:
    version "2.3.1"
    resolved "https://registry.npmjs.org/picomatch/-/picomatch-2.3.1.tgz"
    integrity sha512-JU3teHTNjmE2VCGFzuY8EXzCDVwEqB2a8fsIvwaStHhAWJEeVd1o1QD80CU6+ZdEXXSLbSsuLwJjkCBWqRQUVA==
  
  process-nextick-args@~2.0.0:
    version "2.0.1"
    resolved "https://registry.yarnpkg.com/process-nextick-args/-/process-nextick-args-2.0.1.tgz#7820d9b16120cc55ca9ae7792680ae7dba6d7fe2"
    integrity sha512-3ouUOpQhtgrbOa17J7+uxOTpITYWaGP7/AhoR3+A+/1e9skrzelGi/dXzEYyvbxubEF6Wn2ypscTKiKJFFn1ag==
  
  proxy-addr@~2.0.7:
    version "2.0.7"
    resolved "https://registry.npmjs.org/proxy-addr/-/proxy-addr-2.0.7.tgz"
    integrity sha512-llQsMLSUDUPT44jdrU/O37qlnifitDP+ZwrmmZcoSKyLKvtZxpyV0n2/bD/N4tBAAZ/gJEdZU7KMraoK1+XYAg==
    dependencies:
      forwarded "0.2.0"
      ipaddr.js "1.9.1"
  
  pstree.remy@^1.1.8:
    version "1.1.8"
    resolved "https://registry.npmjs.org/pstree.remy/-/pstree.remy-1.1.8.tgz"
    integrity sha512-77DZwxQmxKnu3aR542U+X8FypNzbfJ+C5XQDk3uWjWxn6151aIMGthWYRXTqT1E5oJvg+ljaa2OJi+VfvCOQ8w==
  
  punycode@^2.1.1:
    version "2.3.0"
    resolved "https://registry.yarnpkg.com/punycode/-/punycode-2.3.0.tgz#f67fa67c94da8f4d0cfff981aee4118064199b8f"
    integrity sha512-rRV+zQD8tVFys26lAGR9WUuS4iUAngJScM+ZRSKtvl5tKeZ2t5bvdNFdNHBW9FWR4guGHlgmsZ1G7BSm2wTbuA==
  
  qs@6.11.0:
    version "6.11.0"
    resolved "https://registry.npmjs.org/qs/-/qs-6.11.0.tgz"
    integrity sha512-MvjoMCJwEarSbUYk5O+nmoSzSutSsTwF85zcHPQ9OrlFoZOYIjaqBAJIqIXjptyD5vThxGq52Xu/MaJzRkIk4Q==
    dependencies:
      side-channel "^1.0.4"
  
  range-parser@~1.2.1:
    version "1.2.1"
    resolved "https://registry.npmjs.org/range-parser/-/range-parser-1.2.1.tgz"
    integrity sha512-Hrgsx+orqoygnmhFbKaHE6c296J+HTAQXoxEF6gNupROmmGJRoyzfG3ccAveqCBrwr/2yxQ5BVd/GTl5agOwSg==
  
  raw-body@2.5.1:
    version "2.5.1"
    resolved "https://registry.npmjs.org/raw-body/-/raw-body-2.5.1.tgz"
    integrity sha512-qqJBtEyVgS0ZmPGdCFPWJ3FreoqvG4MVQln/kCgF7Olq95IbOp0/BWyMwbdtn4VTvkM8Y7khCQ2Xgk/tcrCXig==
    dependencies:
      bytes "3.1.2"
      http-errors "2.0.0"
      iconv-lite "0.4.24"
      unpipe "1.0.0"
  
  readable-stream@^2.2.2:
    version "2.3.8"
    resolved "https://registry.yarnpkg.com/readable-stream/-/readable-stream-2.3.8.tgz#91125e8042bba1b9887f49345f6277027ce8be9b"
    integrity sha512-8p0AUk4XODgIewSi0l8Epjs+EVnWiK7NoDIEGU0HhE7+ZyY8D1IMY7odu5lRrFXGg71L15KG8QrPmum45RTtdA==
    dependencies:
      core-util-is "~1.0.0"
      inherits "~2.0.3"
      isarray "~1.0.0"
      process-nextick-args "~2.0.0"
      safe-buffer "~5.1.1"
      string_decoder "~1.1.1"
      util-deprecate "~1.0.1"
  
  readdirp@~3.6.0:
    version "3.6.0"
    resolved "https://registry.npmjs.org/readdirp/-/readdirp-3.6.0.tgz"
    integrity sha512-hOS089on8RduqdbhvQ5Z37A0ESjsqz6qnRcffsMU3495FuTdqSm+7bhJ29JvIOsBDEEnan5DPu9t3To9VRlMzA==
    dependencies:
      picomatch "^2.2.1"
  
  safe-buffer@5.2.1, safe-buffer@^5.0.1:
    version "5.2.1"
    resolved "https://registry.npmjs.org/safe-buffer/-/safe-buffer-5.2.1.tgz"
    integrity sha512-rp3So07KcdmmKbGvgaNxQSJr7bGVSVk5S9Eq1F+ppbRo70+YeaDxkw5Dd8NPN+GD6bjnYm2VuPuCXmpuYvmCXQ==
  
  safe-buffer@~5.1.0, safe-buffer@~5.1.1:
    version "5.1.2"
    resolved "https://registry.yarnpkg.com/safe-buffer/-/safe-buffer-5.1.2.tgz#991ec69d296e0313747d59bdfd2b745c35f8828d"
    integrity sha512-Gd2UZBJDkXlY7GbJxfsE8/nvKkUEU1G38c1siN6QP6a9PT9MmHB8GnpscSmMJSoF8LOIrt8ud/wPtojys4G6+g==
  
  "safer-buffer@>= 2.1.2 < 3":
    version "2.1.2"
    resolved "https://registry.npmjs.org/safer-buffer/-/safer-buffer-2.1.2.tgz"
    integrity sha512-YZo3K82SD7Riyi0E1EQPojLz7kpepnSQI9IyPbHHg1XXXevb5dJI7tpyN2ADxGcQbHG7vcyRHk0cbwqcQriUtg==
  
  saslprep@^1.0.3:
    version "1.0.3"
    resolved "https://registry.yarnpkg.com/saslprep/-/saslprep-1.0.3.tgz#4c02f946b56cf54297e347ba1093e7acac4cf226"
    integrity sha512-/MY/PEMbk2SuY5sScONwhUDsV2p77Znkb/q3nSVstq/yQzYJOH/Azh29p9oJLsl3LnQwSvZDKagDGBsBwSooag==
    dependencies:
      sparse-bitfield "^3.0.3"
  
  semver@^5.7.1:
    version "5.7.1"
    resolved "https://registry.npmjs.org/semver/-/semver-5.7.1.tgz"
    integrity sha512-sauaDf/PZdVgrLTNYHRtpXa1iRiKcaebiKQ1BJdpQlWH2lCvexQdX55snPFyK7QzpudqbCI0qXFfOasHdyNDGQ==
  
  semver@^7.3.8:
    version "7.3.8"
    resolved "https://registry.yarnpkg.com/semver/-/semver-7.3.8.tgz#07a78feafb3f7b32347d725e33de7e2a2df67798"
    integrity sha512-NB1ctGL5rlHrPJtFDVIVzTyQylMLu9N9VICA6HSFJo8MCGVTMW6gfpicwKmmK/dAjTOrqu5l63JJOpDSrAis3A==
    dependencies:
      lru-cache "^6.0.0"
  
  semver@~7.0.0:
    version "7.0.0"
    resolved "https://registry.npmjs.org/semver/-/semver-7.0.0.tgz"
    integrity sha512-+GB6zVA9LWh6zovYQLALHwv5rb2PHGlJi3lfiqIHxR0uuwCgefcOJc59v9fv1w8GbStwxuuqqAjI9NMAOOgq1A==
  
  send@0.18.0:
    version "0.18.0"
    resolved "https://registry.npmjs.org/send/-/send-0.18.0.tgz"
    integrity sha512-qqWzuOjSFOuqPjFe4NOsMLafToQQwBSOEpS+FwEt3A2V3vKubTquT3vmLTQpFgMXp8AlFWFuP1qKaJZOtPpVXg==
    dependencies:
      debug "2.6.9"
      depd "2.0.0"
      destroy "1.2.0"
      encodeurl "~1.0.2"
      escape-html "~1.0.3"
      etag "~1.8.1"
      fresh "0.5.2"
      http-errors "2.0.0"
      mime "1.6.0"
      ms "2.1.3"
      on-finished "2.4.1"
      range-parser "~1.2.1"
      statuses "2.0.1"
  
  serve-static@1.15.0:
    version "1.15.0"
    resolved "https://registry.npmjs.org/serve-static/-/serve-static-1.15.0.tgz"
    integrity sha512-XGuRDNjXUijsUL0vl6nSD7cwURuzEgglbOaFuZM9g3kwDXOWVTck0jLzjPzGD+TazWbboZYu52/9/XPdUgne9g==
    dependencies:
      encodeurl "~1.0.2"
      escape-html "~1.0.3"
      parseurl "~1.3.3"
      send "0.18.0"
  
  setprototypeof@1.2.0:
    version "1.2.0"
    resolved "https://registry.npmjs.org/setprototypeof/-/setprototypeof-1.2.0.tgz"
    integrity sha512-E5LDX7Wrp85Kil5bhZv46j8jOeboKq5JMmYM3gVGdGH8xFpPWXUMsNrlODCrkoxMEeNi/XZIwuRvY4XNwYMJpw==
  
  side-channel@^1.0.4:
    version "1.0.4"
    resolved "https://registry.npmjs.org/side-channel/-/side-channel-1.0.4.tgz"
    integrity sha512-q5XPytqFEIKHkGdiMIrY10mvLRvnQh42/+GoBlFW3b2LXLE2xxJpZFdm94we0BaoV3RwJyGqg5wS7epxTv0Zvw==
    dependencies:
      call-bind "^1.0.0"
      get-intrinsic "^1.0.2"
      object-inspect "^1.9.0"
  
  sift@16.0.1:
    version "16.0.1"
    resolved "https://registry.yarnpkg.com/sift/-/sift-16.0.1.tgz#e9c2ccc72191585008cf3e36fc447b2d2633a053"
    integrity sha512-Wv6BjQ5zbhW7VFefWusVP33T/EM0vYikCaQ2qR8yULbsilAT8/wQaXvuQ3ptGLpoKx+lihJE3y2UTgKDyyNHZQ==
  
  simple-update-notifier@^1.0.7:
    version "1.1.0"
    resolved "https://registry.npmjs.org/simple-update-notifier/-/simple-update-notifier-1.1.0.tgz"
    integrity sha512-VpsrsJSUcJEseSbMHkrsrAVSdvVS5I96Qo1QAQ4FxQ9wXFcB+pjj7FB7/us9+GcgfW4ziHtYMc1J0PLczb55mg==
    dependencies:
      semver "~7.0.0"
  
  smart-buffer@^4.2.0:
    version "4.2.0"
    resolved "https://registry.yarnpkg.com/smart-buffer/-/smart-buffer-4.2.0.tgz#6e1d71fa4f18c05f7d0ff216dd16a481d0e8d9ae"
    integrity sha512-94hK0Hh8rPqQl2xXc3HsaBoOXKV20MToPkcXvwbISWLEs+64sBq5kFgn2kJDHb1Pry9yrP0dxrCI9RRci7RXKg==
  
  socks@^2.7.1:
    version "2.7.1"
    resolved "https://registry.yarnpkg.com/socks/-/socks-2.7.1.tgz#d8e651247178fde79c0663043e07240196857d55"
    integrity sha512-7maUZy1N7uo6+WVEX6psASxtNlKaNVMlGQKkG/63nEDdLOWNbiUMoLK7X4uYoLhQstau72mLgfEWcXcwsaHbYQ==
    dependencies:
      ip "^2.0.0"
      smart-buffer "^4.2.0"
  
  sparse-bitfield@^3.0.3:
    version "3.0.3"
    resolved "https://registry.yarnpkg.com/sparse-bitfield/-/sparse-bitfield-3.0.3.tgz#ff4ae6e68656056ba4b3e792ab3334d38273ca11"
    integrity sha512-kvzhi7vqKTfkh0PZU+2D2PIllw2ymqJKujUcyPMd9Y75Nv4nPbGJZXNhxsgdQab2BmlDct1YnfQCguEvHr7VsQ==
    dependencies:
      memory-pager "^1.0.2"
  
  statuses@2.0.1:
    version "2.0.1"
    resolved "https://registry.npmjs.org/statuses/-/statuses-2.0.1.tgz"
    integrity sha512-RwNA9Z/7PrK06rYLIzFMlaF+l73iwpzsqRIFgbMLbTcLD6cOao82TaWefPXQvB2fOC4AjuYSEndS7N/mTCbkdQ==
  
  streamsearch@^1.1.0:
    version "1.1.0"
    resolved "https://registry.yarnpkg.com/streamsearch/-/streamsearch-1.1.0.tgz#404dd1e2247ca94af554e841a8ef0eaa238da764"
    integrity sha512-Mcc5wHehp9aXz1ax6bZUyY5afg9u2rv5cqQI3mRrYkGC8rW2hM02jWuwjtL++LS5qinSyhj2QfLyNsuc+VsExg==
  
  string_decoder@~1.1.1:
    version "1.1.1"
    resolved "https://registry.yarnpkg.com/string_decoder/-/string_decoder-1.1.1.tgz#9cf1611ba62685d7030ae9e4ba34149c3af03fc8"
    integrity sha512-n/ShnvDi6FHbbVfviro+WojiFzv+s8MPMHBczVePfUpDJLwoLT0ht1l4YwBCbi8pJAveEEdnkHyPyTP/mzRfwg==
    dependencies:
      safe-buffer "~5.1.0"
  
  strnum@^1.0.5:
    version "1.0.5"
    resolved "https://registry.yarnpkg.com/strnum/-/strnum-1.0.5.tgz#5c4e829fe15ad4ff0d20c3db5ac97b73c9b072db"
    integrity sha512-J8bbNyKKXl5qYcR36TIO8W3mVGVHrmmxsd5PAItGkmyzwJvybiw2IVq5nqd0i4LSNSkB/sx9VHllbfFdr9k1JA==
  
  supports-color@^5.5.0:
    version "5.5.0"
    resolved "https://registry.npmjs.org/supports-color/-/supports-color-5.5.0.tgz"
    integrity sha512-QjVjwdXIt408MIiAqCX4oUKsgU2EqAGzs2Ppkm4aQYbjm+ZEWEcW4SfFNTr4uMNZma0ey4f5lgLrkB0aX0QMow==
    dependencies:
      has-flag "^3.0.0"
  
  to-regex-range@^5.0.1:
    version "5.0.1"
    resolved "https://registry.npmjs.org/to-regex-range/-/to-regex-range-5.0.1.tgz"
    integrity sha512-65P7iz6X5yEr1cwcgvQxbbIw7Uk3gOy5dIdtZ4rDveLqhrdJP+Li/Hx6tyK0NEb+2GCyneCMJiGqrADCSNk8sQ==
    dependencies:
      is-number "^7.0.0"
  
  toidentifier@1.0.1:
    version "1.0.1"
    resolved "https://registry.npmjs.org/toidentifier/-/toidentifier-1.0.1.tgz"
    integrity sha512-o5sSPKEkg/DIQNmH43V0/uerLrpzVedkUh8tGNvaeXpfpuwjKenlSox/2O/BTlZUtEe+JG7s5YhEz608PlAHRA==
  
  touch@^3.1.0:
    version "3.1.0"
    resolved "https://registry.npmjs.org/touch/-/touch-3.1.0.tgz"
    integrity sha512-WBx8Uy5TLtOSRtIq+M03/sKDrXCLHxwDcquSP2c43Le03/9serjQBIztjRz6FkJez9D/hleyAXTBGLwwZUw9lA==
    dependencies:
      nopt "~1.0.10"
  
  tr46@^3.0.0:
    version "3.0.0"
    resolved "https://registry.yarnpkg.com/tr46/-/tr46-3.0.0.tgz#555c4e297a950617e8eeddef633c87d4d9d6cbf9"
    integrity sha512-l7FvfAHlcmulp8kr+flpQZmVwtu7nfRV7NZujtN0OqES8EL4O4e0qqzL0DC5gAvx/ZC/9lk6rhcUwYvkBnBnYA==
    dependencies:
      punycode "^2.1.1"
  
  tslib@^1.11.1:
    version "1.14.1"
    resolved "https://registry.yarnpkg.com/tslib/-/tslib-1.14.1.tgz#cf2d38bdc34a134bcaf1091c41f6619e2f672d00"
    integrity sha512-Xni35NKzjgMrwevysHTCArtLDpPvye8zV/0E4EyYn43P7/7qvQwPh9BGkHewbMulVntbigmcT7rdX3BNo9wRJg==
  
  tslib@^2.3.1:
    version "2.5.0"
    resolved "https://registry.yarnpkg.com/tslib/-/tslib-2.5.0.tgz#42bfed86f5787aeb41d031866c8f402429e0fddf"
    integrity sha512-336iVw3rtn2BUK7ORdIAHTyxHGRIHVReokCR3XjbckJMK7ms8FysBfhLR8IXnAgy7T0PTPNBWKiH514FOW/WSg==
  
  type-is@^1.6.4, type-is@~1.6.18:
    version "1.6.18"
    resolved "https://registry.npmjs.org/type-is/-/type-is-1.6.18.tgz"
    integrity sha512-TkRKr9sUTxEH8MdfuCSP7VizJyzRNMjj2J2do2Jr3Kym598JVdEksuzPQCnlFPW4ky9Q+iA+ma9BGm06XQBy8g==
    dependencies:
      media-typer "0.3.0"
      mime-types "~2.1.24"
  
  typedarray@^0.0.6:
    version "0.0.6"
    resolved "https://registry.yarnpkg.com/typedarray/-/typedarray-0.0.6.tgz#867ac74e3864187b1d3d47d996a78ec5c8830777"
    integrity sha512-/aCDEGatGvZ2BIk+HmLf4ifCJFwvKFNb9/JeZPMulfgFracn9QFcAf5GO8B/mweUjSoblS5In0cWhqpfs/5PQA==
  
  undefsafe@^2.0.5:
    version "2.0.5"
    resolved "https://registry.npmjs.org/undefsafe/-/undefsafe-2.0.5.tgz"
    integrity sha512-WxONCrssBM8TSPRqN5EmsjVrsv4A8X12J4ArBiiayv3DyyG3ZlIg6yysuuSYdZsVz3TKcTg2fd//Ujd4CHV1iA==
  
  unpipe@1.0.0, unpipe@~1.0.0:
    version "1.0.0"
    resolved "https://registry.npmjs.org/unpipe/-/unpipe-1.0.0.tgz"
    integrity sha512-pjy2bYhSsufwWlKwPc+l3cN7+wuJlK6uz0YdJEOlQDbl6jo/YlPi4mb8agUkVC8BF7V8NuzeyPNqRksA3hztKQ==
  
  util-deprecate@~1.0.1:
    version "1.0.2"
    resolved "https://registry.yarnpkg.com/util-deprecate/-/util-deprecate-1.0.2.tgz#450d4dc9fa70de732762fbd2d4a28981419a0ccf"
    integrity sha512-EPD5q1uXyFxJpCrLnCc1nHnq3gOa6DZBocAIiI2TaSCA7VCJ1UJDMagCzIkXNsUYfD1daK//LTEQ8xiIbrHtcw==
  
  utils-merge@1.0.1:
    version "1.0.1"
    resolved "https://registry.npmjs.org/utils-merge/-/utils-merge-1.0.1.tgz"
    integrity sha512-pMZTvIkT1d+TFGvDOqodOclx0QWkkgi6Tdoa8gC8ffGAAqz9pzPTZWAybbsHHoED/ztMtkv/VoYTYyShUn81hA==
  
  uuid@^8.3.2:
    version "8.3.2"
    resolved "https://registry.yarnpkg.com/uuid/-/uuid-8.3.2.tgz#80d5b5ced271bb9af6c445f21a1a04c606cefbe2"
    integrity sha512-+NYs2QeMWy+GWFOEm9xnn6HCDp0l7QBD7ml8zLUmJ+93Q5NF0NocErnwkTkXVFNiX3/fpC6afS8Dhb/gz7R7eg==
  
  vary@^1, vary@~1.1.2:
    version "1.1.2"
    resolved "https://registry.npmjs.org/vary/-/vary-1.1.2.tgz"
    integrity sha512-BNGbWLfd0eUPabhkXUVm0j8uuvREyTh5ovRa/dyow/BqAbZJyC+5fU+IzQOzmAKzYqYRAISoRhdQr3eIZ/PXqg==
  
  webidl-conversions@^7.0.0:
    version "7.0.0"
    resolved "https://registry.yarnpkg.com/webidl-conversions/-/webidl-conversions-7.0.0.tgz#256b4e1882be7debbf01d05f0aa2039778ea080a"
    integrity sha512-VwddBukDzu71offAQR975unBIGqfKZpM+8ZX6ySk8nYhVoo5CYaZyzt3YBvYtRtO+aoGlqxPg/B87NGVZ/fu6g==
  
  whatwg-url@^11.0.0:
    version "11.0.0"
    resolved "https://registry.yarnpkg.com/whatwg-url/-/whatwg-url-11.0.0.tgz#0a849eebb5faf2119b901bb76fd795c2848d4018"
    integrity sha512-RKT8HExMpoYx4igMiVMY83lN6UeITKJlBQ+vR/8ZJ8OCdSiN3RwCq+9gH0+Xzj0+5IrM6i4j/6LuvzbZIQgEcQ==
    dependencies:
      tr46 "^3.0.0"
      webidl-conversions "^7.0.0"
  
  xtend@^4.0.0:
    version "4.0.2"
    resolved "https://registry.yarnpkg.com/xtend/-/xtend-4.0.2.tgz#bb72779f5fa465186b1f438f674fa347fdb5db54"
    integrity sha512-LKYU1iAXJXUgAXn9URjiu+MWhyUXHsvfp7mcuYm9dSUKK0/CjtrUwFAxD82/mCWbtLsGjFIad0wIsod4zrTAEQ==
  
  yallist@^4.0.0:
    version "4.0.0"
    resolved "https://registry.yarnpkg.com/yallist/-/yallist-4.0.0.tgz#9bb92790d9c0effec63be73519e11a35019a3a72"
    integrity sha512-3wdGidZyq5PB084XLES5TpOSRA3wjXAlIWMhum2kRcv/41Sn2emQ0dycQW4uZXLejwKvg6EsvbdlVL+FYEct7A==
